{"/home/hp/Desktop/branding/src/server.ts": {"path":"/home/hp/Desktop/branding/src/server.ts","statementMap":{"0":{"start":{"line":1,"column":0},"end":{"line":1,"column":53}},"1":{"start":{"line":2,"column":0},"end":{"line":2,"column":47}},"2":{"start":{"line":3,"column":0},"end":{"line":3,"column":43}},"3":{"start":{"line":4,"column":0},"end":{"line":4,"column":37}},"4":{"start":{"line":5,"column":0},"end":{"line":5,"column":41}},"5":{"start":{"line":6,"column":0},"end":{"line":6,"column":38}},"6":{"start":{"line":7,"column":0},"end":{"line":7,"column":24}},"7":{"start":{"line":10,"column":12},"end":{"line":10,"column":21}},"8":{"start":{"line":12,"column":0},"end":{"line":14,"column":4}},"9":{"start":{"line":16,"column":0},"end":{"line":16,"column":23}},"10":{"start":{"line":17,"column":0},"end":{"line":17,"column":24}},"11":{"start":{"line":18,"column":0},"end":{"line":18,"column":27}},"12":{"start":{"line":19,"column":0},"end":{"line":19,"column":30}},"13":{"start":{"line":20,"column":0},"end":{"line":22,"column":3}},"14":{"start":{"line":21,"column":4},"end":{"line":21,"column":64}},"15":{"start":{"line":23,"column":0},"end":{"line":23,"column":29}},"16":{"start":{"line":25,"column":0},"end":{"line":25,"column":19}}},"fnMap":{"0":{"name":"(anonymous_1)","decl":{"start":{"line":20,"column":13},"end":{"line":20,"column":14}},"loc":{"start":{"line":20,"column":45},"end":{"line":22,"column":1}}}},"branchMap":{},"s":{"0":1,"1":1,"2":1,"3":1,"4":1,"5":1,"6":1,"7":1,"8":1,"9":1,"10":1,"11":1,"12":1,"13":1,"14":1,"15":1,"16":1},"f":{"0":1},"b":{}}
,"/home/hp/Desktop/branding/src/controller/product.blogController.ts": {"path":"/home/hp/Desktop/branding/src/controller/product.blogController.ts","statementMap":{"0":{"start":{"line":2,"column":0},"end":{"line":2,"column":47}},"1":{"start":{"line":3,"column":0},"end":{"line":3,"column":57}},"2":{"start":{"line":4,"column":0},"end":{"line":4,"column":53}},"3":{"start":{"line":15,"column":45},"end":{"line":15,"column":53}},"4":{"start":{"line":16,"column":18},"end":{"line":16,"column":38}},"5":{"start":{"line":18,"column":8},"end":{"line":28,"column":9}},"6":{"start":{"line":19,"column":26},"end":{"line":19,"column":83}},"7":{"start":{"line":20,"column":12},"end":{"line":24,"column":13}},"8":{"start":{"line":21,"column":16},"end":{"line":21,"column":null}},"9":{"start":{"line":23,"column":16},"end":{"line":23,"column":null}},"10":{"start":{"line":26,"column":12},"end":{"line":26,"column":57}},"11":{"start":{"line":27,"column":12},"end":{"line":27,"column":67}},"12":{"start":{"line":32,"column":8},"end":{"line":41,"column":9}},"13":{"start":{"line":33,"column":26},"end":{"line":33,"column":44}},"14":{"start":{"line":34,"column":12},"end":{"line":38,"column":13}},"15":{"start":{"line":35,"column":16},"end":{"line":35,"column":null}},"16":{"start":{"line":37,"column":16},"end":{"line":37,"column":null}},"17":{"start":{"line":45,"column":23},"end":{"line":45,"column":36}},"18":{"start":{"line":46,"column":8},"end":{"line":55,"column":9}},"19":{"start":{"line":47,"column":26},"end":{"line":47,"column":54}},"20":{"start":{"line":48,"column":12},"end":{"line":52,"column":13}},"21":{"start":{"line":49,"column":16},"end":{"line":49,"column":null}},"22":{"start":{"line":51,"column":16},"end":{"line":51,"column":null}},"23":{"start":{"line":58,"column":23},"end":{"line":58,"column":36}},"24":{"start":{"line":59,"column":8},"end":{"line":68,"column":9}},"25":{"start":{"line":60,"column":26},"end":{"line":60,"column":63}},"26":{"start":{"line":61,"column":12},"end":{"line":65,"column":13}},"27":{"start":{"line":62,"column":16},"end":{"line":62,"column":null}},"28":{"start":{"line":64,"column":16},"end":{"line":64,"column":null}},"29":{"start":{"line":71,"column":23},"end":{"line":71,"column":36}},"30":{"start":{"line":72,"column":8},"end":{"line":81,"column":9}},"31":{"start":{"line":73,"column":26},"end":{"line":73,"column":83}},"32":{"start":{"line":74,"column":12},"end":{"line":78,"column":13}},"33":{"start":{"line":75,"column":16},"end":{"line":75,"column":null}},"34":{"start":{"line":77,"column":16},"end":{"line":77,"column":null}},"35":{"start":{"line":84,"column":23},"end":{"line":84,"column":36}},"36":{"start":{"line":85,"column":8},"end":{"line":94,"column":9}},"37":{"start":{"line":86,"column":26},"end":{"line":86,"column":50}},"38":{"start":{"line":87,"column":12},"end":{"line":91,"column":13}},"39":{"start":{"line":88,"column":16},"end":{"line":88,"column":null}},"40":{"start":{"line":90,"column":16},"end":{"line":90,"column":null}},"41":{"start":{"line":97,"column":8},"end":{"line":110,"column":9}},"42":{"start":{"line":98,"column":25},"end":{"line":98,"column":62}},"43":{"start":{"line":100,"column":12},"end":{"line":102,"column":13}},"44":{"start":{"line":101,"column":15},"end":{"line":101,"column":null}},"45":{"start":{"line":103,"column":12},"end":{"line":103,"column":25}},"46":{"start":{"line":104,"column":12},"end":{"line":104,"column":30}},"47":{"start":{"line":106,"column":10},"end":{"line":106,"column":null}},"48":{"start":{"line":109,"column":12},"end":{"line":109,"column":null}},"49":{"start":{"line":114,"column":8},"end":{"line":129,"column":9}},"50":{"start":{"line":115,"column":25},"end":{"line":115,"column":62}},"51":{"start":{"line":116,"column":12},"end":{"line":121,"column":13}},"52":{"start":{"line":117,"column":16},"end":{"line":117,"column":65}},"53":{"start":{"line":120,"column":16},"end":{"line":120,"column":51}},"54":{"start":{"line":122,"column":12},"end":{"line":124,"column":13}},"55":{"start":{"line":123,"column":16},"end":{"line":123,"column":31}},"56":{"start":{"line":125,"column":12},"end":{"line":125,"column":30}},"57":{"start":{"line":126,"column":12},"end":{"line":126,"column":80}},"58":{"start":{"line":128,"column":12},"end":{"line":128,"column":51}},"59":{"start":{"line":135,"column":9},"end":{"line":135,"column":24}}},"fnMap":{"0":{"name":"(anonymous_0)","decl":{"start":{"line":13,"column":11},"end":{"line":13,"column":17}},"loc":{"start":{"line":13,"column":58},"end":{"line":29,"column":5}}},"1":{"name":"(anonymous_1)","decl":{"start":{"line":31,"column":11},"end":{"line":31,"column":17}},"loc":{"start":{"line":31,"column":60},"end":{"line":42,"column":5}}},"2":{"name":"(anonymous_2)","decl":{"start":{"line":44,"column":11},"end":{"line":44,"column":17}},"loc":{"start":{"line":44,"column":60},"end":{"line":56,"column":5}}},"3":{"name":"(anonymous_3)","decl":{"start":{"line":57,"column":11},"end":{"line":57,"column":17}},"loc":{"start":{"line":57,"column":63},"end":{"line":69,"column":5}}},"4":{"name":"(anonymous_4)","decl":{"start":{"line":70,"column":11},"end":{"line":70,"column":17}},"loc":{"start":{"line":70,"column":60},"end":{"line":82,"column":5}}},"5":{"name":"(anonymous_5)","decl":{"start":{"line":83,"column":11},"end":{"line":83,"column":17}},"loc":{"start":{"line":83,"column":63},"end":{"line":95,"column":5}}},"6":{"name":"(anonymous_6)","decl":{"start":{"line":96,"column":11},"end":{"line":96,"column":17}},"loc":{"start":{"line":96,"column":60},"end":{"line":111,"column":5}}},"7":{"name":"(anonymous_7)","decl":{"start":{"line":113,"column":11},"end":{"line":113,"column":17}},"loc":{"start":{"line":113,"column":62},"end":{"line":130,"column":5}}}},"branchMap":{"0":{"loc":{"start":{"line":16,"column":18},"end":{"line":16,"column":38}},"type":"binary-expr","locations":[{"start":{"line":16,"column":18},"end":{"line":16,"column":32}},{"start":{"line":16,"column":36},"end":{"line":16,"column":38}}]},"1":{"loc":{"start":{"line":20,"column":12},"end":{"line":24,"column":13}},"type":"if","locations":[{"start":{"line":20,"column":12},"end":{"line":24,"column":13}},{"start":{"line":22,"column":17},"end":{"line":24,"column":13}}]},"2":{"loc":{"start":{"line":34,"column":12},"end":{"line":38,"column":13}},"type":"if","locations":[{"start":{"line":34,"column":12},"end":{"line":38,"column":13}},{"start":{"line":36,"column":17},"end":{"line":38,"column":13}}]},"3":{"loc":{"start":{"line":48,"column":12},"end":{"line":52,"column":13}},"type":"if","locations":[{"start":{"line":48,"column":12},"end":{"line":52,"column":13}},{"start":{"line":50,"column":17},"end":{"line":52,"column":13}}]},"4":{"loc":{"start":{"line":61,"column":12},"end":{"line":65,"column":13}},"type":"if","locations":[{"start":{"line":61,"column":12},"end":{"line":65,"column":13}},{"start":{"line":63,"column":17},"end":{"line":65,"column":13}}]},"5":{"loc":{"start":{"line":74,"column":12},"end":{"line":78,"column":13}},"type":"if","locations":[{"start":{"line":74,"column":12},"end":{"line":78,"column":13}},{"start":{"line":76,"column":17},"end":{"line":78,"column":13}}]},"6":{"loc":{"start":{"line":87,"column":12},"end":{"line":91,"column":13}},"type":"if","locations":[{"start":{"line":87,"column":12},"end":{"line":91,"column":13}},{"start":{"line":89,"column":17},"end":{"line":91,"column":13}}]},"7":{"loc":{"start":{"line":100,"column":12},"end":{"line":102,"column":13}},"type":"if","locations":[{"start":{"line":100,"column":12},"end":{"line":102,"column":13}}]},"8":{"loc":{"start":{"line":116,"column":12},"end":{"line":121,"column":13}},"type":"if","locations":[{"start":{"line":116,"column":12},"end":{"line":121,"column":13}},{"start":{"line":118,"column":19},"end":{"line":121,"column":13}}]},"9":{"loc":{"start":{"line":120,"column":30},"end":{"line":120,"column":45}},"type":"binary-expr","locations":[{"start":{"line":120,"column":30},"end":{"line":120,"column":40}},{"start":{"line":120,"column":44},"end":{"line":120,"column":45}}]},"10":{"loc":{"start":{"line":122,"column":12},"end":{"line":124,"column":13}},"type":"if","locations":[{"start":{"line":122,"column":12},"end":{"line":124,"column":13}}]}},"s":{"0":1,"1":1,"2":1,"3":0,"4":0,"5":0,"6":0,"7":0,"8":0,"9":0,"10":0,"11":0,"12":1,"13":1,"14":0,"15":0,"16":0,"17":0,"18":0,"19":0,"20":0,"21":0,"22":0,"23":0,"24":0,"25":0,"26":0,"27":0,"28":0,"29":0,"30":0,"31":0,"32":0,"33":0,"34":0,"35":0,"36":0,"37":0,"38":0,"39":0,"40":0,"41":0,"42":0,"43":0,"44":0,"45":0,"46":0,"47":0,"48":0,"49":0,"50":0,"51":0,"52":0,"53":0,"54":0,"55":0,"56":0,"57":0,"58":0,"59":1},"f":{"0":0,"1":1,"2":0,"3":0,"4":0,"5":0,"6":0,"7":0},"b":{"0":[0,0],"1":[0,0],"2":[0,0],"3":[0,0],"4":[0,0],"5":[0,0],"6":[0,0],"7":[0],"8":[0,0],"9":[0,0],"10":[0]}}
,"/home/hp/Desktop/branding/src/controller/product.userController.ts": {"path":"/home/hp/Desktop/branding/src/controller/product.userController.ts","statementMap":{"0":{"start":{"line":2,"column":0},"end":{"line":2,"column":45}},"1":{"start":{"line":3,"column":0},"end":{"line":3,"column":53}},"2":{"start":{"line":4,"column":0},"end":{"line":4,"column":28}},"3":{"start":{"line":5,"column":0},"end":{"line":5,"column":31}},"4":{"start":{"line":6,"column":0},"end":{"line":6,"column":57}},"5":{"start":{"line":7,"column":0},"end":{"line":7,"column":53}},"6":{"start":{"line":8,"column":0},"end":{"line":8,"column":42}},"7":{"start":{"line":12,"column":56},"end":{"line":12,"column":64}},"8":{"start":{"line":14,"column":0},"end":{"line":16,"column":1}},"9":{"start":{"line":15,"column":4},"end":{"line":15,"column":null}},"10":{"start":{"line":17,"column":8},"end":{"line":35,"column":9}},"11":{"start":{"line":18,"column":12},"end":{"line":20,"column":13}},"12":{"start":{"line":19,"column":15},"end":{"line":19,"column":null}},"13":{"start":{"line":21,"column":33},"end":{"line":21,"column":70}},"14":{"start":{"line":23,"column":25},"end":{"line":23,"column":97}},"15":{"start":{"line":25,"column":12},"end":{"line":32,"column":13}},"16":{"start":{"line":26,"column":15},"end":{"line":26,"column":null}},"17":{"start":{"line":31,"column":16},"end":{"line":31,"column":null}},"18":{"start":{"line":34,"column":12},"end":{"line":34,"column":null}},"19":{"start":{"line":39,"column":17},"end":{"line":39,"column":34}},"20":{"start":{"line":40,"column":4},"end":{"line":46,"column":5}},"21":{"start":{"line":41,"column":8},"end":{"line":41,"column":null}},"22":{"start":{"line":42,"column":10},"end":{"line":46,"column":5}},"23":{"start":{"line":43,"column":8},"end":{"line":43,"column":null}},"24":{"start":{"line":45,"column":8},"end":{"line":45,"column":null}},"25":{"start":{"line":50,"column":23},"end":{"line":50,"column":36}},"26":{"start":{"line":51,"column":8},"end":{"line":61,"column":9}},"27":{"start":{"line":52,"column":25},"end":{"line":52,"column":52}},"28":{"start":{"line":54,"column":12},"end":{"line":58,"column":13}},"29":{"start":{"line":55,"column":16},"end":{"line":55,"column":null}},"30":{"start":{"line":57,"column":16},"end":{"line":57,"column":null}},"31":{"start":{"line":60,"column":12},"end":{"line":60,"column":null}},"32":{"start":{"line":65,"column":23},"end":{"line":65,"column":36}},"33":{"start":{"line":67,"column":8},"end":{"line":77,"column":9}},"34":{"start":{"line":68,"column":25},"end":{"line":68,"column":61}},"35":{"start":{"line":69,"column":12},"end":{"line":73,"column":13}},"36":{"start":{"line":70,"column":16},"end":{"line":70,"column":72}},"37":{"start":{"line":72,"column":16},"end":{"line":72,"column":81}},"38":{"start":{"line":75,"column":12},"end":{"line":75,"column":57}},"39":{"start":{"line":76,"column":12},"end":{"line":76,"column":67}},"40":{"start":{"line":81,"column":23},"end":{"line":81,"column":36}},"41":{"start":{"line":83,"column":8},"end":{"line":93,"column":9}},"42":{"start":{"line":84,"column":25},"end":{"line":84,"column":81}},"43":{"start":{"line":85,"column":12},"end":{"line":89,"column":13}},"44":{"start":{"line":86,"column":16},"end":{"line":86,"column":null}},"45":{"start":{"line":88,"column":16},"end":{"line":88,"column":81}},"46":{"start":{"line":91,"column":12},"end":{"line":91,"column":57}},"47":{"start":{"line":92,"column":12},"end":{"line":92,"column":67}},"48":{"start":{"line":96,"column":21},"end":{"line":96,"column":44}},"49":{"start":{"line":97,"column":8},"end":{"line":107,"column":9}},"50":{"start":{"line":99,"column":12},"end":{"line":103,"column":13}},"51":{"start":{"line":100,"column":16},"end":{"line":100,"column":79}},"52":{"start":{"line":102,"column":16},"end":{"line":102,"column":71}},"53":{"start":{"line":105,"column":12},"end":{"line":105,"column":57}},"54":{"start":{"line":106,"column":12},"end":{"line":106,"column":67}},"55":{"start":{"line":111,"column":36},"end":{"line":111,"column":44}},"56":{"start":{"line":112,"column":26},"end":{"line":112,"column":48}},"57":{"start":{"line":114,"column":8},"end":{"line":141,"column":9}},"58":{"start":{"line":115,"column":12},"end":{"line":117,"column":13}},"59":{"start":{"line":116,"column":16},"end":{"line":116,"column":75}},"60":{"start":{"line":119,"column":25},"end":{"line":119,"column":54}},"61":{"start":{"line":121,"column":12},"end":{"line":123,"column":13}},"62":{"start":{"line":122,"column":16},"end":{"line":122,"column":75}},"63":{"start":{"line":125,"column":36},"end":{"line":125,"column":79}},"64":{"start":{"line":127,"column":12},"end":{"line":129,"column":13}},"65":{"start":{"line":128,"column":16},"end":{"line":128,"column":75}},"66":{"start":{"line":131,"column":26},"end":{"line":131,"column":82}},"67":{"start":{"line":133,"column":12},"end":{"line":137,"column":13}},"68":{"start":{"line":134,"column":16},"end":{"line":134,"column":78}},"69":{"start":{"line":136,"column":16},"end":{"line":136,"column":74}},"70":{"start":{"line":139,"column":12},"end":{"line":139,"column":56}},"71":{"start":{"line":140,"column":12},"end":{"line":140,"column":67}},"72":{"start":{"line":144,"column":9},"end":{"line":144,"column":23}}},"fnMap":{"0":{"name":"(anonymous_1)","decl":{"start":{"line":11,"column":11},"end":{"line":11,"column":17}},"loc":{"start":{"line":11,"column":62},"end":{"line":36,"column":5}}},"1":{"name":"(anonymous_2)","decl":{"start":{"line":38,"column":11},"end":{"line":38,"column":17}},"loc":{"start":{"line":38,"column":59},"end":{"line":47,"column":5}}},"2":{"name":"(anonymous_3)","decl":{"start":{"line":49,"column":11},"end":{"line":49,"column":17}},"loc":{"start":{"line":49,"column":59},"end":{"line":62,"column":5}}},"3":{"name":"(anonymous_4)","decl":{"start":{"line":64,"column":11},"end":{"line":64,"column":17}},"loc":{"start":{"line":64,"column":65},"end":{"line":78,"column":5}}},"4":{"name":"(anonymous_5)","decl":{"start":{"line":80,"column":11},"end":{"line":80,"column":17}},"loc":{"start":{"line":80,"column":59},"end":{"line":94,"column":5}}},"5":{"name":"(anonymous_6)","decl":{"start":{"line":95,"column":11},"end":{"line":95,"column":17}},"loc":{"start":{"line":95,"column":58},"end":{"line":108,"column":5}}},"6":{"name":"(anonymous_7)","decl":{"start":{"line":110,"column":11},"end":{"line":110,"column":17}},"loc":{"start":{"line":110,"column":57},"end":{"line":142,"column":5}}}},"branchMap":{"0":{"loc":{"start":{"line":14,"column":0},"end":{"line":16,"column":1}},"type":"if","locations":[{"start":{"line":14,"column":0},"end":{"line":16,"column":1}}]},"1":{"loc":{"start":{"line":18,"column":12},"end":{"line":20,"column":13}},"type":"if","locations":[{"start":{"line":18,"column":12},"end":{"line":20,"column":13}}]},"2":{"loc":{"start":{"line":25,"column":12},"end":{"line":32,"column":13}},"type":"if","locations":[{"start":{"line":25,"column":12},"end":{"line":32,"column":13}},{"start":{"line":30,"column":19},"end":{"line":32,"column":13}}]},"3":{"loc":{"start":{"line":40,"column":4},"end":{"line":46,"column":5}},"type":"if","locations":[{"start":{"line":40,"column":4},"end":{"line":46,"column":5}},{"start":{"line":42,"column":10},"end":{"line":46,"column":5}}]},"4":{"loc":{"start":{"line":42,"column":10},"end":{"line":46,"column":5}},"type":"if","locations":[{"start":{"line":42,"column":10},"end":{"line":46,"column":5}},{"start":{"line":44,"column":9},"end":{"line":46,"column":5}}]},"5":{"loc":{"start":{"line":54,"column":12},"end":{"line":58,"column":13}},"type":"if","locations":[{"start":{"line":54,"column":12},"end":{"line":58,"column":13}},{"start":{"line":56,"column":17},"end":{"line":58,"column":13}}]},"6":{"loc":{"start":{"line":69,"column":12},"end":{"line":73,"column":13}},"type":"if","locations":[{"start":{"line":69,"column":12},"end":{"line":73,"column":13}},{"start":{"line":71,"column":19},"end":{"line":73,"column":13}}]},"7":{"loc":{"start":{"line":85,"column":12},"end":{"line":89,"column":13}},"type":"if","locations":[{"start":{"line":85,"column":12},"end":{"line":89,"column":13}},{"start":{"line":87,"column":19},"end":{"line":89,"column":13}}]},"8":{"loc":{"start":{"line":99,"column":12},"end":{"line":103,"column":13}},"type":"if","locations":[{"start":{"line":99,"column":12},"end":{"line":103,"column":13}},{"start":{"line":101,"column":19},"end":{"line":103,"column":13}}]},"9":{"loc":{"start":{"line":115,"column":12},"end":{"line":117,"column":13}},"type":"if","locations":[{"start":{"line":115,"column":12},"end":{"line":117,"column":13}}]},"10":{"loc":{"start":{"line":121,"column":12},"end":{"line":123,"column":13}},"type":"if","locations":[{"start":{"line":121,"column":12},"end":{"line":123,"column":13}}]},"11":{"loc":{"start":{"line":127,"column":12},"end":{"line":129,"column":13}},"type":"if","locations":[{"start":{"line":127,"column":12},"end":{"line":129,"column":13}}]},"12":{"loc":{"start":{"line":133,"column":12},"end":{"line":137,"column":13}},"type":"if","locations":[{"start":{"line":133,"column":12},"end":{"line":137,"column":13}},{"start":{"line":135,"column":19},"end":{"line":137,"column":13}}]}},"s":{"0":1,"1":1,"2":1,"3":1,"4":1,"5":1,"6":1,"7":0,"8":0,"9":0,"10":0,"11":0,"12":0,"13":0,"14":0,"15":0,"16":0,"17":0,"18":0,"19":0,"20":0,"21":0,"22":0,"23":0,"24":0,"25":1,"26":1,"27":1,"28":0,"29":0,"30":0,"31":1,"32":0,"33":0,"34":0,"35":0,"36":0,"37":0,"38":0,"39":0,"40":0,"41":0,"42":0,"43":0,"44":0,"45":0,"46":0,"47":0,"48":0,"49":0,"50":0,"51":0,"52":0,"53":0,"54":0,"55":0,"56":0,"57":0,"58":0,"59":0,"60":0,"61":0,"62":0,"63":0,"64":0,"65":0,"66":0,"67":0,"68":0,"69":0,"70":0,"71":0,"72":1},"f":{"0":0,"1":0,"2":1,"3":0,"4":0,"5":0,"6":0},"b":{"0":[0],"1":[0],"2":[0,0],"3":[0,0],"4":[0,0],"5":[0,0],"6":[0,0],"7":[0,0],"8":[0,0],"9":[0],"10":[0],"11":[0],"12":[0,0]}}
,"/home/hp/Desktop/branding/src/middleware/dataCheker.ts": {"path":"/home/hp/Desktop/branding/src/middleware/dataCheker.ts","statementMap":{"0":{"start":{"line":2,"column":0},"end":{"line":2,"column":45}},"1":{"start":{"line":3,"column":0},"end":{"line":3,"column":53}},"2":{"start":{"line":9,"column":64},"end":{"line":9,"column":72}},"3":{"start":{"line":11,"column":4},"end":{"line":26,"column":5}},"4":{"start":{"line":12,"column":8},"end":{"line":12,"column":null}},"5":{"start":{"line":13,"column":10},"end":{"line":26,"column":5}},"6":{"start":{"line":14,"column":8},"end":{"line":14,"column":null}},"7":{"start":{"line":15,"column":10},"end":{"line":26,"column":5}},"8":{"start":{"line":16,"column":8},"end":{"line":16,"column":null}},"9":{"start":{"line":18,"column":9},"end":{"line":26,"column":5}},"10":{"start":{"line":19,"column":8},"end":{"line":19,"column":null}},"11":{"start":{"line":21,"column":9},"end":{"line":26,"column":5}},"12":{"start":{"line":22,"column":8},"end":{"line":22,"column":null}},"13":{"start":{"line":25,"column":8},"end":{"line":25,"column":null}},"14":{"start":{"line":29,"column":22},"end":{"line":29,"column":30}},"15":{"start":{"line":30,"column":21},"end":{"line":30,"column":48}},"16":{"start":{"line":31,"column":8},"end":{"line":35,"column":9}},"17":{"start":{"line":32,"column":12},"end":{"line":32,"column":null}},"18":{"start":{"line":34,"column":12},"end":{"line":34,"column":null}},"19":{"start":{"line":38,"column":9},"end":{"line":38,"column":20}}},"fnMap":{"0":{"name":"(anonymous_0)","decl":{"start":{"line":8,"column":11},"end":{"line":8,"column":17}},"loc":{"start":{"line":8,"column":82},"end":{"line":27,"column":5}}},"1":{"name":"(anonymous_1)","decl":{"start":{"line":28,"column":11},"end":{"line":28,"column":17}},"loc":{"start":{"line":28,"column":77},"end":{"line":36,"column":5}}}},"branchMap":{"0":{"loc":{"start":{"line":11,"column":4},"end":{"line":26,"column":5}},"type":"if","locations":[{"start":{"line":11,"column":4},"end":{"line":26,"column":5}},{"start":{"line":13,"column":10},"end":{"line":26,"column":5}}]},"1":{"loc":{"start":{"line":13,"column":10},"end":{"line":26,"column":5}},"type":"if","locations":[{"start":{"line":13,"column":10},"end":{"line":26,"column":5}},{"start":{"line":15,"column":10},"end":{"line":26,"column":5}}]},"2":{"loc":{"start":{"line":15,"column":10},"end":{"line":26,"column":5}},"type":"if","locations":[{"start":{"line":15,"column":10},"end":{"line":26,"column":5}},{"start":{"line":18,"column":9},"end":{"line":26,"column":5}}]},"3":{"loc":{"start":{"line":18,"column":9},"end":{"line":26,"column":5}},"type":"if","locations":[{"start":{"line":18,"column":9},"end":{"line":26,"column":5}},{"start":{"line":21,"column":9},"end":{"line":26,"column":5}}]},"4":{"loc":{"start":{"line":21,"column":9},"end":{"line":26,"column":5}},"type":"if","locations":[{"start":{"line":21,"column":9},"end":{"line":26,"column":5}},{"start":{"line":24,"column":8},"end":{"line":26,"column":5}}]},"5":{"loc":{"start":{"line":31,"column":8},"end":{"line":35,"column":9}},"type":"if","locations":[{"start":{"line":31,"column":8},"end":{"line":35,"column":9}},{"start":{"line":33,"column":14},"end":{"line":35,"column":9}}]}},"s":{"0":1,"1":1,"2":0,"3":0,"4":0,"5":0,"6":0,"7":0,"8":0,"9":0,"10":0,"11":0,"12":0,"13":0,"14":0,"15":0,"16":0,"17":0,"18":0,"19":1},"f":{"0":0,"1":0},"b":{"0":[0,0],"1":[0,0],"2":[0,0],"3":[0,0],"4":[0,0],"5":[0,0]}}
,"/home/hp/Desktop/branding/src/middleware/validator.ts": {"path":"/home/hp/Desktop/branding/src/middleware/validator.ts","statementMap":{"0":{"start":{"line":2,"column":0},"end":{"line":2,"column":68}},"1":{"start":{"line":3,"column":0},"end":{"line":3,"column":53}},"2":{"start":{"line":9,"column":23},"end":{"line":9,"column":44}},"3":{"start":{"line":10,"column":8},"end":{"line":16,"column":9}},"4":{"start":{"line":11,"column":12},"end":{"line":13,"column":15}},"5":{"start":{"line":12,"column":16},"end":{"line":12,"column":50}},"6":{"start":{"line":15,"column":12},"end":{"line":15,"column":19}},"7":{"start":{"line":20,"column":8},"end":{"line":25,"column":10}},"8":{"start":{"line":29,"column":8},"end":{"line":29,"column":17}}},"fnMap":{"0":{"name":"(anonymous_0)","decl":{"start":{"line":8,"column":11},"end":{"line":8,"column":17}},"loc":{"start":{"line":8,"column":86},"end":{"line":17,"column":5}}},"1":{"name":"(anonymous_1)","decl":{"start":{"line":11,"column":31},"end":{"line":11,"column":32}},"loc":{"start":{"line":11,"column":41},"end":{"line":13,"column":13}}},"2":{"name":"(anonymous_2)","decl":{"start":{"line":19,"column":11},"end":{"line":19,"column":17}},"loc":{"start":{"line":19,"column":29},"end":{"line":26,"column":5}}}},"branchMap":{"0":{"loc":{"start":{"line":10,"column":8},"end":{"line":16,"column":9}},"type":"if","locations":[{"start":{"line":10,"column":8},"end":{"line":16,"column":9}},{"start":{"line":14,"column":15},"end":{"line":16,"column":9}}]}},"s":{"0":1,"1":1,"2":0,"3":0,"4":0,"5":0,"6":0,"7":1,"8":1},"f":{"0":0,"1":0,"2":1},"b":{"0":[0,0]}}
,"/home/hp/Desktop/branding/src/middleware/verifyAccess.ts": {"path":"/home/hp/Desktop/branding/src/middleware/verifyAccess.ts","statementMap":{"0":{"start":{"line":1,"column":0},"end":{"line":1,"column":73}},"1":{"start":{"line":2,"column":0},"end":{"line":2,"column":53}},"2":{"start":{"line":20,"column":21},"end":{"line":53,"column":1}},"3":{"start":{"line":21,"column":4},"end":{"line":52,"column":6}},"4":{"start":{"line":22,"column":22},"end":{"line":22,"column":43}},"5":{"start":{"line":24,"column":8},"end":{"line":26,"column":9}},"6":{"start":{"line":25,"column":12},"end":{"line":25,"column":69}},"7":{"start":{"line":28,"column":26},"end":{"line":28,"column":48}},"8":{"start":{"line":30,"column":8},"end":{"line":32,"column":9}},"9":{"start":{"line":31,"column":12},"end":{"line":31,"column":71}},"10":{"start":{"line":34,"column":8},"end":{"line":51,"column":9}},"11":{"start":{"line":35,"column":32},"end":{"line":35,"column":75}},"12":{"start":{"line":36,"column":12},"end":{"line":36,"column":35}},"13":{"start":{"line":38,"column":12},"end":{"line":43,"column":13}},"14":{"start":{"line":40,"column":16},"end":{"line":40,"column":71}},"15":{"start":{"line":42,"column":16},"end":{"line":42,"column":23}},"16":{"start":{"line":45,"column":12},"end":{"line":49,"column":13}},"17":{"start":{"line":46,"column":16},"end":{"line":46,"column":63}},"18":{"start":{"line":47,"column":19},"end":{"line":49,"column":13}},"19":{"start":{"line":48,"column":16},"end":{"line":48,"column":63}},"20":{"start":{"line":50,"column":13},"end":{"line":50,"column":null}},"21":{"start":{"line":55,"column":0},"end":{"line":55,"column":28}}},"fnMap":{"0":{"name":"(anonymous_6)","decl":{"start":{"line":20,"column":21},"end":{"line":20,"column":22}},"loc":{"start":{"line":20,"column":42},"end":{"line":53,"column":1}}},"1":{"name":"(anonymous_7)","decl":{"start":{"line":21,"column":11},"end":{"line":21,"column":12}},"loc":{"start":{"line":21,"column":63},"end":{"line":52,"column":5}}}},"branchMap":{"0":{"loc":{"start":{"line":24,"column":8},"end":{"line":26,"column":9}},"type":"if","locations":[{"start":{"line":24,"column":8},"end":{"line":26,"column":9}}]},"1":{"loc":{"start":{"line":24,"column":12},"end":{"line":24,"column":42}},"type":"binary-expr","locations":[{"start":{"line":24,"column":12},"end":{"line":24,"column":18}},{"start":{"line":24,"column":22},"end":{"line":24,"column":42}}]},"2":{"loc":{"start":{"line":30,"column":8},"end":{"line":32,"column":9}},"type":"if","locations":[{"start":{"line":30,"column":8},"end":{"line":32,"column":9}}]},"3":{"loc":{"start":{"line":38,"column":12},"end":{"line":43,"column":13}},"type":"if","locations":[{"start":{"line":38,"column":12},"end":{"line":43,"column":13}},{"start":{"line":41,"column":19},"end":{"line":43,"column":13}}]},"4":{"loc":{"start":{"line":45,"column":12},"end":{"line":49,"column":13}},"type":"if","locations":[{"start":{"line":45,"column":12},"end":{"line":49,"column":13}},{"start":{"line":47,"column":19},"end":{"line":49,"column":13}}]},"5":{"loc":{"start":{"line":47,"column":19},"end":{"line":49,"column":13}},"type":"if","locations":[{"start":{"line":47,"column":19},"end":{"line":49,"column":13}}]}},"s":{"0":1,"1":1,"2":1,"3":6,"4":1,"5":1,"6":1,"7":0,"8":0,"9":0,"10":0,"11":0,"12":0,"13":0,"14":0,"15":0,"16":0,"17":0,"18":0,"19":0,"20":0,"21":1},"f":{"0":6,"1":1},"b":{"0":[1],"1":[1,0],"2":[0],"3":[0,0],"4":[0,0],"5":[0]}}
,"/home/hp/Desktop/branding/src/model/product.blogs.ts": {"path":"/home/hp/Desktop/branding/src/model/product.blogs.ts","statementMap":{"0":{"start":{"line":1,"column":0},"end":{"line":1,"column":53}},"1":{"start":{"line":14,"column":20},"end":{"line":43,"column":2}},"2":{"start":{"line":46,"column":28},"end":{"line":46,"column":71}},"3":{"start":{"line":48,"column":9},"end":{"line":48,"column":14}}},"fnMap":{},"branchMap":{},"s":{"0":1,"1":1,"2":1,"3":1},"f":{},"b":{}}
,"/home/hp/Desktop/branding/src/model/product.user.ts": {"path":"/home/hp/Desktop/branding/src/model/product.user.ts","statementMap":{"0":{"start":{"line":1,"column":0},"end":{"line":1,"column":32}},"1":{"start":{"line":3,"column":19},"end":{"line":34,"column":2}},"2":{"start":{"line":35,"column":13},"end":{"line":35,"column":46}},"3":{"start":{"line":36,"column":9},"end":{"line":36,"column":13}}},"fnMap":{},"branchMap":{},"s":{"0":1,"1":1,"2":1,"3":1},"f":{},"b":{}}
,"/home/hp/Desktop/branding/src/routes/blogsRoutes.ts": {"path":"/home/hp/Desktop/branding/src/routes/blogsRoutes.ts","statementMap":{"0":{"start":{"line":1,"column":0},"end":{"line":1,"column":41}},"1":{"start":{"line":2,"column":0},"end":{"line":2,"column":71}},"2":{"start":{"line":3,"column":0},"end":{"line":3,"column":54}},"3":{"start":{"line":4,"column":0},"end":{"line":4,"column":42}},"4":{"start":{"line":6,"column":22},"end":{"line":6,"column":38}},"5":{"start":{"line":8,"column":0},"end":{"line":8,"column":null}},"6":{"start":{"line":9,"column":0},"end":{"line":9,"column":null}},"7":{"start":{"line":10,"column":0},"end":{"line":10,"column":null}},"8":{"start":{"line":11,"column":0},"end":{"line":11,"column":null}},"9":{"start":{"line":12,"column":0},"end":{"line":12,"column":null}},"10":{"start":{"line":13,"column":0},"end":{"line":13,"column":null}},"11":{"start":{"line":14,"column":0},"end":{"line":14,"column":null}},"12":{"start":{"line":15,"column":0},"end":{"line":15,"column":null}},"13":{"start":{"line":16,"column":0},"end":{"line":16,"column":null}},"14":{"start":{"line":20,"column":0},"end":{"line":20,"column":22}}},"fnMap":{},"branchMap":{},"s":{"0":1,"1":1,"2":1,"3":1,"4":1,"5":1,"6":1,"7":1,"8":1,"9":1,"10":1,"11":1,"12":1,"13":1,"14":1},"f":{},"b":{}}
,"/home/hp/Desktop/branding/src/routes/userRoute.ts": {"path":"/home/hp/Desktop/branding/src/routes/userRoute.ts","statementMap":{"0":{"start":{"line":3,"column":0},"end":{"line":3,"column":70}},"1":{"start":{"line":4,"column":0},"end":{"line":4,"column":54}},"2":{"start":{"line":5,"column":0},"end":{"line":5,"column":41}},"3":{"start":{"line":6,"column":0},"end":{"line":6,"column":55}},"4":{"start":{"line":7,"column":0},"end":{"line":7,"column":52}},"5":{"start":{"line":8,"column":23},"end":{"line":8,"column":39}},"6":{"start":{"line":11,"column":0},"end":{"line":11,"column":null}},"7":{"start":{"line":12,"column":0},"end":{"line":12,"column":65}},"8":{"start":{"line":13,"column":0},"end":{"line":13,"column":46}},"9":{"start":{"line":14,"column":0},"end":{"line":14,"column":null}},"10":{"start":{"line":15,"column":0},"end":{"line":15,"column":null}},"11":{"start":{"line":16,"column":0},"end":{"line":16,"column":null}},"12":{"start":{"line":17,"column":0},"end":{"line":17,"column":null}},"13":{"start":{"line":19,"column":1},"end":{"line":19,"column":null}}},"fnMap":{},"branchMap":{},"s":{"0":1,"1":1,"2":1,"3":1,"4":1,"5":1,"6":1,"7":1,"8":1,"9":1,"10":1,"11":1,"12":1,"13":1},"f":{},"b":{}}
,"/home/hp/Desktop/branding/src/utils/errorMessage.ts": {"path":"/home/hp/Desktop/branding/src/utils/errorMessage.ts","statementMap":{"0":{"start":{"line":3,"column":21},"end":{"line":7,"column":1}},"1":{"start":{"line":4,"column":4},"end":{"line":6,"column":7}},"2":{"start":{"line":9,"column":9},"end":{"line":9,"column":21}}},"fnMap":{"0":{"name":"(anonymous_0)","decl":{"start":{"line":3,"column":21},"end":{"line":3,"column":22}},"loc":{"start":{"line":3,"column":78},"end":{"line":7,"column":1}}}},"branchMap":{},"s":{"0":1,"1":2,"2":1},"f":{"0":2},"b":{}}
,"/home/hp/Desktop/branding/src/utils/loginSuccess.ts": {"path":"/home/hp/Desktop/branding/src/utils/loginSuccess.ts","statementMap":{"0":{"start":{"line":3,"column":21},"end":{"line":10,"column":1}},"1":{"start":{"line":4,"column":4},"end":{"line":9,"column":7}},"2":{"start":{"line":12,"column":9},"end":{"line":12,"column":21}}},"fnMap":{"0":{"name":"(anonymous_0)","decl":{"start":{"line":3,"column":21},"end":{"line":3,"column":22}},"loc":{"start":{"line":3,"column":88},"end":{"line":10,"column":1}}}},"branchMap":{},"s":{"0":1,"1":0,"2":1},"f":{"0":0},"b":{}}
,"/home/hp/Desktop/branding/src/utils/successMessage.ts": {"path":"/home/hp/Desktop/branding/src/utils/successMessage.ts","statementMap":{"0":{"start":{"line":3,"column":23},"end":{"line":9,"column":1}},"1":{"start":{"line":4,"column":4},"end":{"line":8,"column":7}},"2":{"start":{"line":11,"column":9},"end":{"line":11,"column":23}}},"fnMap":{"0":{"name":"(anonymous_0)","decl":{"start":{"line":3,"column":23},"end":{"line":3,"column":24}},"loc":{"start":{"line":3,"column":89},"end":{"line":9,"column":1}}}},"branchMap":{},"s":{"0":1,"1":0,"2":1},"f":{"0":0},"b":{}}
,"/home/hp/Desktop/branding/src/utils/sucess.ts": {"path":"/home/hp/Desktop/branding/src/utils/sucess.ts","statementMap":{"0":{"start":{"line":3,"column":16},"end":{"line":9,"column":1}},"1":{"start":{"line":4,"column":4},"end":{"line":8,"column":7}},"2":{"start":{"line":11,"column":9},"end":{"line":11,"column":16}}},"fnMap":{"0":{"name":"(anonymous_0)","decl":{"start":{"line":3,"column":16},"end":{"line":3,"column":17}},"loc":{"start":{"line":3,"column":74},"end":{"line":9,"column":1}}}},"branchMap":{},"s":{"0":1,"1":0,"2":1},"f":{"0":0},"b":{}}
,"/home/hp/Desktop/branding/src/validation/upload.ts": {"path":"/home/hp/Desktop/branding/src/validation/upload.ts","statementMap":{"0":{"start":{"line":1,"column":0},"end":{"line":1,"column":28}},"1":{"start":{"line":2,"column":0},"end":{"line":2,"column":24}},"2":{"start":{"line":4,"column":16},"end":{"line":9,"column":2}},"3":{"start":{"line":7,"column":4},"end":{"line":7,"column":82}},"4":{"start":{"line":11,"column":19},"end":{"line":17,"column":1}},"5":{"start":{"line":12,"column":2},"end":{"line":16,"column":3}},"6":{"start":{"line":13,"column":4},"end":{"line":13,"column":19}},"7":{"start":{"line":15,"column":4},"end":{"line":15,"column":66}},"8":{"start":{"line":19,"column":15},"end":{"line":19,"column":45}},"9":{"start":{"line":20,"column":0},"end":{"line":20,"column":22}}},"fnMap":{"0":{"name":"(anonymous_1)","decl":{"start":{"line":6,"column":12},"end":{"line":6,"column":13}},"loc":{"start":{"line":6,"column":30},"end":{"line":8,"column":3}}},"1":{"name":"(anonymous_2)","decl":{"start":{"line":11,"column":19},"end":{"line":11,"column":20}},"loc":{"start":{"line":11,"column":80},"end":{"line":17,"column":1}}}},"branchMap":{"0":{"loc":{"start":{"line":12,"column":2},"end":{"line":16,"column":3}},"type":"if","locations":[{"start":{"line":12,"column":2},"end":{"line":16,"column":3}},{"start":{"line":14,"column":9},"end":{"line":16,"column":3}}]}},"s":{"0":1,"1":1,"2":1,"3":0,"4":1,"5":0,"6":0,"7":0,"8":1,"9":1},"f":{"0":0,"1":0},"b":{"0":[0,0]}}
}
