{"/home/kayitare/Desktop/branding/dist/server.js": {"path":"/home/kayitare/Desktop/branding/dist/server.js","statementMap":{"0":{"start":{"line":2,"column":22},"end":{"line":4,"column":1}},"1":{"start":{"line":3,"column":4},"end":{"line":3,"column":62}},"2":{"start":{"line":5,"column":0},"end":{"line":5,"column":62}},"3":{"start":{"line":6,"column":18},"end":{"line":6,"column":53}},"4":{"start":{"line":7,"column":22},"end":{"line":7,"column":70}},"5":{"start":{"line":8,"column":20},"end":{"line":8,"column":66}},"6":{"start":{"line":9,"column":22},"end":{"line":9,"column":61}},"7":{"start":{"line":10,"column":24},"end":{"line":10,"column":65}},"8":{"start":{"line":11,"column":22},"end":{"line":11,"column":61}},"9":{"start":{"line":12,"column":15},"end":{"line":12,"column":47}},"10":{"start":{"line":13,"column":12},"end":{"line":13,"column":36}},"11":{"start":{"line":14,"column":0},"end":{"line":16,"column":4}},"12":{"start":{"line":17,"column":0},"end":{"line":17,"column":38}},"13":{"start":{"line":18,"column":0},"end":{"line":18,"column":40}},"14":{"start":{"line":19,"column":0},"end":{"line":19,"column":38}},"15":{"start":{"line":20,"column":0},"end":{"line":20,"column":40}},"16":{"start":{"line":21,"column":0},"end":{"line":23,"column":3}},"17":{"start":{"line":22,"column":4},"end":{"line":22,"column":66}},"18":{"start":{"line":24,"column":0},"end":{"line":24,"column":38}},"19":{"start":{"line":25,"column":0},"end":{"line":25,"column":22}}},"fnMap":{"0":{"name":"(anonymous_0)","decl":{"start":{"line":2,"column":56},"end":{"line":2,"column":57}},"loc":{"start":{"line":2,"column":71},"end":{"line":4,"column":1}},"line":2},"1":{"name":"(anonymous_1)","decl":{"start":{"line":21,"column":13},"end":{"line":21,"column":14}},"loc":{"start":{"line":21,"column":27},"end":{"line":23,"column":1}},"line":21}},"branchMap":{"0":{"loc":{"start":{"line":2,"column":22},"end":{"line":4,"column":1}},"type":"binary-expr","locations":[{"start":{"line":2,"column":23},"end":{"line":2,"column":27}},{"start":{"line":2,"column":31},"end":{"line":2,"column":51}},{"start":{"line":2,"column":56},"end":{"line":4,"column":1}}],"line":2},"1":{"loc":{"start":{"line":3,"column":11},"end":{"line":3,"column":61}},"type":"cond-expr","locations":[{"start":{"line":3,"column":37},"end":{"line":3,"column":40}},{"start":{"line":3,"column":43},"end":{"line":3,"column":61}}],"line":3},"2":{"loc":{"start":{"line":3,"column":12},"end":{"line":3,"column":33}},"type":"binary-expr","locations":[{"start":{"line":3,"column":12},"end":{"line":3,"column":15}},{"start":{"line":3,"column":19},"end":{"line":3,"column":33}}],"line":3}},"s":{"0":1,"1":7,"2":1,"3":1,"4":1,"5":1,"6":1,"7":1,"8":1,"9":1,"10":1,"11":1,"12":1,"13":1,"14":1,"15":1,"16":1,"17":1,"18":1,"19":1},"f":{"0":7,"1":1},"b":{"0":[1,1,1],"1":[2,5],"2":[7,7]},"inputSourceMap":null,"_coverageSchema":"1a1c01bbd47fc00a2c39e90264f33305004495a9","hash":"147e1dce0f9459a5390475d7be9fcf3a84f07ecd"}
,"/home/kayitare/Desktop/branding/dist/controller/product.blogController.js": {"path":"/home/kayitare/Desktop/branding/dist/controller/product.blogController.js","statementMap":{"0":{"start":{"line":2,"column":0},"end":{"line":2,"column":62}},"1":{"start":{"line":3,"column":0},"end":{"line":3,"column":33}},"2":{"start":{"line":4,"column":24},"end":{"line":4,"column":57}},"3":{"start":{"line":5,"column":25},"end":{"line":5,"column":59}},"4":{"start":{"line":6,"column":23},"end":{"line":6,"column":55}},"5":{"start":{"line":9,"column":47},"end":{"line":9,"column":55}},"6":{"start":{"line":10,"column":26},"end":{"line":10,"column":46}},"7":{"start":{"line":11,"column":8},"end":{"line":23,"column":9}},"8":{"start":{"line":12,"column":26},"end":{"line":12,"column":103}},"9":{"start":{"line":13,"column":12},"end":{"line":18,"column":13}},"10":{"start":{"line":14,"column":16},"end":{"line":14,"column":106}},"11":{"start":{"line":17,"column":16},"end":{"line":17,"column":84}},"12":{"start":{"line":21,"column":12},"end":{"line":21,"column":57}},"13":{"start":{"line":22,"column":12},"end":{"line":22,"column":87}},"14":{"start":{"line":26,"column":8},"end":{"line":36,"column":9}},"15":{"start":{"line":27,"column":26},"end":{"line":27,"column":60}},"16":{"start":{"line":28,"column":12},"end":{"line":33,"column":13}},"17":{"start":{"line":29,"column":16},"end":{"line":29,"column":99}},"18":{"start":{"line":32,"column":16},"end":{"line":32,"column":87}},"19":{"start":{"line":39,"column":23},"end":{"line":39,"column":36}},"20":{"start":{"line":40,"column":8},"end":{"line":50,"column":9}},"21":{"start":{"line":41,"column":26},"end":{"line":41,"column":70}},"22":{"start":{"line":42,"column":12},"end":{"line":47,"column":13}},"23":{"start":{"line":43,"column":16},"end":{"line":43,"column":95}},"24":{"start":{"line":46,"column":16},"end":{"line":46,"column":87}},"25":{"start":{"line":53,"column":23},"end":{"line":53,"column":36}},"26":{"start":{"line":54,"column":8},"end":{"line":64,"column":9}},"27":{"start":{"line":55,"column":26},"end":{"line":55,"column":79}},"28":{"start":{"line":56,"column":12},"end":{"line":61,"column":13}},"29":{"start":{"line":57,"column":16},"end":{"line":57,"column":95}},"30":{"start":{"line":60,"column":16},"end":{"line":60,"column":87}},"31":{"start":{"line":67,"column":23},"end":{"line":67,"column":36}},"32":{"start":{"line":68,"column":8},"end":{"line":78,"column":9}},"33":{"start":{"line":69,"column":26},"end":{"line":69,"column":104}},"34":{"start":{"line":70,"column":12},"end":{"line":75,"column":13}},"35":{"start":{"line":71,"column":16},"end":{"line":71,"column":107}},"36":{"start":{"line":74,"column":16},"end":{"line":74,"column":86}},"37":{"start":{"line":81,"column":23},"end":{"line":81,"column":36}},"38":{"start":{"line":82,"column":8},"end":{"line":92,"column":9}},"39":{"start":{"line":83,"column":26},"end":{"line":83,"column":66}},"40":{"start":{"line":84,"column":12},"end":{"line":89,"column":13}},"41":{"start":{"line":85,"column":16},"end":{"line":85,"column":98}},"42":{"start":{"line":88,"column":16},"end":{"line":88,"column":86}},"43":{"start":{"line":95,"column":8},"end":{"line":106,"column":9}},"44":{"start":{"line":96,"column":25},"end":{"line":96,"column":78}},"45":{"start":{"line":97,"column":12},"end":{"line":99,"column":13}},"46":{"start":{"line":98,"column":16},"end":{"line":98,"column":85}},"47":{"start":{"line":100,"column":12},"end":{"line":100,"column":25}},"48":{"start":{"line":101,"column":12},"end":{"line":101,"column":30}},"49":{"start":{"line":102,"column":12},"end":{"line":102,"column":87}},"50":{"start":{"line":105,"column":12},"end":{"line":105,"column":44}},"51":{"start":{"line":109,"column":8},"end":{"line":125,"column":9}},"52":{"start":{"line":110,"column":25},"end":{"line":110,"column":78}},"53":{"start":{"line":111,"column":12},"end":{"line":116,"column":13}},"54":{"start":{"line":112,"column":16},"end":{"line":112,"column":85}},"55":{"start":{"line":115,"column":16},"end":{"line":115,"column":51}},"56":{"start":{"line":117,"column":12},"end":{"line":119,"column":13}},"57":{"start":{"line":118,"column":16},"end":{"line":118,"column":31}},"58":{"start":{"line":120,"column":12},"end":{"line":120,"column":30}},"59":{"start":{"line":121,"column":12},"end":{"line":121,"column":102}},"60":{"start":{"line":124,"column":12},"end":{"line":124,"column":51}},"61":{"start":{"line":128,"column":0},"end":{"line":128,"column":42}}},"fnMap":{"0":{"name":"(anonymous_0)","decl":{"start":{"line":8,"column":4},"end":{"line":8,"column":5}},"loc":{"start":{"line":8,"column":37},"end":{"line":24,"column":5}},"line":8},"1":{"name":"(anonymous_1)","decl":{"start":{"line":25,"column":4},"end":{"line":25,"column":5}},"loc":{"start":{"line":25,"column":39},"end":{"line":37,"column":5}},"line":25},"2":{"name":"(anonymous_2)","decl":{"start":{"line":38,"column":4},"end":{"line":38,"column":5}},"loc":{"start":{"line":38,"column":39},"end":{"line":51,"column":5}},"line":38},"3":{"name":"(anonymous_3)","decl":{"start":{"line":52,"column":4},"end":{"line":52,"column":5}},"loc":{"start":{"line":52,"column":42},"end":{"line":65,"column":5}},"line":52},"4":{"name":"(anonymous_4)","decl":{"start":{"line":66,"column":4},"end":{"line":66,"column":5}},"loc":{"start":{"line":66,"column":39},"end":{"line":79,"column":5}},"line":66},"5":{"name":"(anonymous_5)","decl":{"start":{"line":80,"column":4},"end":{"line":80,"column":5}},"loc":{"start":{"line":80,"column":42},"end":{"line":93,"column":5}},"line":80},"6":{"name":"(anonymous_6)","decl":{"start":{"line":94,"column":4},"end":{"line":94,"column":5}},"loc":{"start":{"line":94,"column":36},"end":{"line":107,"column":5}},"line":94},"7":{"name":"(anonymous_7)","decl":{"start":{"line":108,"column":4},"end":{"line":108,"column":5}},"loc":{"start":{"line":108,"column":38},"end":{"line":126,"column":5}},"line":108}},"branchMap":{"0":{"loc":{"start":{"line":10,"column":26},"end":{"line":10,"column":46}},"type":"binary-expr","locations":[{"start":{"line":10,"column":26},"end":{"line":10,"column":40}},{"start":{"line":10,"column":44},"end":{"line":10,"column":46}}],"line":10},"1":{"loc":{"start":{"line":13,"column":12},"end":{"line":18,"column":13}},"type":"if","locations":[{"start":{"line":13,"column":12},"end":{"line":18,"column":13}},{"start":{"line":16,"column":17},"end":{"line":18,"column":13}}],"line":13},"2":{"loc":{"start":{"line":28,"column":12},"end":{"line":33,"column":13}},"type":"if","locations":[{"start":{"line":28,"column":12},"end":{"line":33,"column":13}},{"start":{"line":31,"column":17},"end":{"line":33,"column":13}}],"line":28},"3":{"loc":{"start":{"line":42,"column":12},"end":{"line":47,"column":13}},"type":"if","locations":[{"start":{"line":42,"column":12},"end":{"line":47,"column":13}},{"start":{"line":45,"column":17},"end":{"line":47,"column":13}}],"line":42},"4":{"loc":{"start":{"line":56,"column":12},"end":{"line":61,"column":13}},"type":"if","locations":[{"start":{"line":56,"column":12},"end":{"line":61,"column":13}},{"start":{"line":59,"column":17},"end":{"line":61,"column":13}}],"line":56},"5":{"loc":{"start":{"line":70,"column":12},"end":{"line":75,"column":13}},"type":"if","locations":[{"start":{"line":70,"column":12},"end":{"line":75,"column":13}},{"start":{"line":73,"column":17},"end":{"line":75,"column":13}}],"line":70},"6":{"loc":{"start":{"line":84,"column":12},"end":{"line":89,"column":13}},"type":"if","locations":[{"start":{"line":84,"column":12},"end":{"line":89,"column":13}},{"start":{"line":87,"column":17},"end":{"line":89,"column":13}}],"line":84},"7":{"loc":{"start":{"line":97,"column":12},"end":{"line":99,"column":13}},"type":"if","locations":[{"start":{"line":97,"column":12},"end":{"line":99,"column":13}},{"start":{},"end":{}}],"line":97},"8":{"loc":{"start":{"line":111,"column":12},"end":{"line":116,"column":13}},"type":"if","locations":[{"start":{"line":111,"column":12},"end":{"line":116,"column":13}},{"start":{"line":114,"column":17},"end":{"line":116,"column":13}}],"line":111},"9":{"loc":{"start":{"line":115,"column":30},"end":{"line":115,"column":45}},"type":"binary-expr","locations":[{"start":{"line":115,"column":30},"end":{"line":115,"column":40}},{"start":{"line":115,"column":44},"end":{"line":115,"column":45}}],"line":115},"10":{"loc":{"start":{"line":117,"column":12},"end":{"line":119,"column":13}},"type":"if","locations":[{"start":{"line":117,"column":12},"end":{"line":119,"column":13}},{"start":{},"end":{}}],"line":117}},"s":{"0":1,"1":1,"2":1,"3":1,"4":1,"5":0,"6":0,"7":0,"8":0,"9":0,"10":0,"11":0,"12":0,"13":0,"14":1,"15":1,"16":1,"17":1,"18":0,"19":0,"20":0,"21":0,"22":0,"23":0,"24":0,"25":0,"26":0,"27":0,"28":0,"29":0,"30":0,"31":0,"32":0,"33":0,"34":0,"35":0,"36":0,"37":0,"38":0,"39":0,"40":0,"41":0,"42":0,"43":0,"44":0,"45":0,"46":0,"47":0,"48":0,"49":0,"50":0,"51":0,"52":0,"53":0,"54":0,"55":0,"56":0,"57":0,"58":0,"59":0,"60":0,"61":1},"f":{"0":0,"1":1,"2":0,"3":0,"4":0,"5":0,"6":0,"7":0},"b":{"0":[0,0],"1":[0,0],"2":[1,0],"3":[0,0],"4":[0,0],"5":[0,0],"6":[0,0],"7":[0,0],"8":[0,0],"9":[0,0],"10":[0,0]},"inputSourceMap":null,"_coverageSchema":"1a1c01bbd47fc00a2c39e90264f33305004495a9","hash":"178f5422998a085296a0fed99cb1190aeedde6e3"}
,"/home/kayitare/Desktop/branding/dist/controller/product.userController.js": {"path":"/home/kayitare/Desktop/branding/dist/controller/product.userController.js","statementMap":{"0":{"start":{"line":2,"column":22},"end":{"line":4,"column":1}},"1":{"start":{"line":3,"column":4},"end":{"line":3,"column":62}},"2":{"start":{"line":5,"column":0},"end":{"line":5,"column":62}},"3":{"start":{"line":6,"column":0},"end":{"line":6,"column":32}},"4":{"start":{"line":7,"column":23},"end":{"line":7,"column":55}},"5":{"start":{"line":8,"column":23},"end":{"line":8,"column":55}},"6":{"start":{"line":9,"column":17},"end":{"line":9,"column":51}},"7":{"start":{"line":10,"column":23},"end":{"line":10,"column":63}},"8":{"start":{"line":11,"column":25},"end":{"line":11,"column":59}},"9":{"start":{"line":12,"column":23},"end":{"line":12,"column":55}},"10":{"start":{"line":13,"column":17},"end":{"line":13,"column":43}},"11":{"start":{"line":16,"column":63},"end":{"line":16,"column":71}},"12":{"start":{"line":17,"column":8},"end":{"line":19,"column":9}},"13":{"start":{"line":18,"column":12},"end":{"line":18,"column":86}},"14":{"start":{"line":20,"column":8},"end":{"line":35,"column":9}},"15":{"start":{"line":21,"column":12},"end":{"line":23,"column":13}},"16":{"start":{"line":22,"column":16},"end":{"line":22,"column":114}},"17":{"start":{"line":24,"column":33},"end":{"line":24,"column":81}},"18":{"start":{"line":25,"column":25},"end":{"line":25,"column":119}},"19":{"start":{"line":26,"column":12},"end":{"line":31,"column":13}},"20":{"start":{"line":27,"column":16},"end":{"line":27,"column":71}},"21":{"start":{"line":30,"column":16},"end":{"line":30,"column":86}},"22":{"start":{"line":34,"column":12},"end":{"line":34,"column":60}},"23":{"start":{"line":38,"column":21},"end":{"line":38,"column":53}},"24":{"start":{"line":39,"column":8},"end":{"line":47,"column":9}},"25":{"start":{"line":40,"column":12},"end":{"line":40,"column":108}},"26":{"start":{"line":42,"column":13},"end":{"line":47,"column":9}},"27":{"start":{"line":43,"column":12},"end":{"line":43,"column":79}},"28":{"start":{"line":46,"column":12},"end":{"line":46,"column":83}},"29":{"start":{"line":50,"column":23},"end":{"line":50,"column":36}},"30":{"start":{"line":51,"column":8},"end":{"line":62,"column":9}},"31":{"start":{"line":52,"column":25},"end":{"line":52,"column":67}},"32":{"start":{"line":53,"column":12},"end":{"line":58,"column":13}},"33":{"start":{"line":54,"column":16},"end":{"line":54,"column":93}},"34":{"start":{"line":57,"column":16},"end":{"line":57,"column":98}},"35":{"start":{"line":61,"column":12},"end":{"line":61,"column":74}},"36":{"start":{"line":65,"column":23},"end":{"line":65,"column":36}},"37":{"start":{"line":66,"column":8},"end":{"line":78,"column":9}},"38":{"start":{"line":67,"column":25},"end":{"line":67,"column":76}},"39":{"start":{"line":68,"column":12},"end":{"line":73,"column":13}},"40":{"start":{"line":69,"column":16},"end":{"line":69,"column":94}},"41":{"start":{"line":72,"column":16},"end":{"line":72,"column":101}},"42":{"start":{"line":76,"column":12},"end":{"line":76,"column":57}},"43":{"start":{"line":77,"column":12},"end":{"line":77,"column":87}},"44":{"start":{"line":81,"column":23},"end":{"line":81,"column":36}},"45":{"start":{"line":82,"column":8},"end":{"line":94,"column":9}},"46":{"start":{"line":83,"column":25},"end":{"line":83,"column":101}},"47":{"start":{"line":84,"column":12},"end":{"line":89,"column":13}},"48":{"start":{"line":85,"column":16},"end":{"line":85,"column":84}},"49":{"start":{"line":88,"column":16},"end":{"line":88,"column":101}},"50":{"start":{"line":92,"column":12},"end":{"line":92,"column":57}},"51":{"start":{"line":93,"column":12},"end":{"line":93,"column":87}},"52":{"start":{"line":97,"column":21},"end":{"line":97,"column":59}},"53":{"start":{"line":98,"column":8},"end":{"line":109,"column":9}},"54":{"start":{"line":99,"column":12},"end":{"line":104,"column":13}},"55":{"start":{"line":100,"column":16},"end":{"line":100,"column":99}},"56":{"start":{"line":103,"column":16},"end":{"line":103,"column":91}},"57":{"start":{"line":107,"column":12},"end":{"line":107,"column":57}},"58":{"start":{"line":108,"column":12},"end":{"line":108,"column":87}},"59":{"start":{"line":112,"column":36},"end":{"line":112,"column":44}},"60":{"start":{"line":113,"column":26},"end":{"line":113,"column":48}},"61":{"start":{"line":114,"column":8},"end":{"line":137,"column":9}},"62":{"start":{"line":115,"column":12},"end":{"line":117,"column":13}},"63":{"start":{"line":116,"column":16},"end":{"line":116,"column":95}},"64":{"start":{"line":118,"column":25},"end":{"line":118,"column":69}},"65":{"start":{"line":119,"column":12},"end":{"line":121,"column":13}},"66":{"start":{"line":120,"column":16},"end":{"line":120,"column":95}},"67":{"start":{"line":122,"column":36},"end":{"line":122,"column":89}},"68":{"start":{"line":123,"column":12},"end":{"line":125,"column":13}},"69":{"start":{"line":124,"column":16},"end":{"line":124,"column":95}},"70":{"start":{"line":126,"column":26},"end":{"line":126,"column":101}},"71":{"start":{"line":127,"column":12},"end":{"line":132,"column":13}},"72":{"start":{"line":128,"column":16},"end":{"line":128,"column":98}},"73":{"start":{"line":131,"column":16},"end":{"line":131,"column":94}},"74":{"start":{"line":135,"column":12},"end":{"line":135,"column":56}},"75":{"start":{"line":136,"column":12},"end":{"line":136,"column":87}},"76":{"start":{"line":140,"column":0},"end":{"line":140,"column":40}}},"fnMap":{"0":{"name":"(anonymous_0)","decl":{"start":{"line":2,"column":56},"end":{"line":2,"column":57}},"loc":{"start":{"line":2,"column":71},"end":{"line":4,"column":1}},"line":2},"1":{"name":"(anonymous_1)","decl":{"start":{"line":15,"column":4},"end":{"line":15,"column":5}},"loc":{"start":{"line":15,"column":38},"end":{"line":36,"column":5}},"line":15},"2":{"name":"(anonymous_2)","decl":{"start":{"line":37,"column":4},"end":{"line":37,"column":5}},"loc":{"start":{"line":37,"column":38},"end":{"line":48,"column":5}},"line":37},"3":{"name":"(anonymous_3)","decl":{"start":{"line":49,"column":4},"end":{"line":49,"column":5}},"loc":{"start":{"line":49,"column":38},"end":{"line":63,"column":5}},"line":49},"4":{"name":"(anonymous_4)","decl":{"start":{"line":64,"column":4},"end":{"line":64,"column":5}},"loc":{"start":{"line":64,"column":41},"end":{"line":79,"column":5}},"line":64},"5":{"name":"(anonymous_5)","decl":{"start":{"line":80,"column":4},"end":{"line":80,"column":5}},"loc":{"start":{"line":80,"column":38},"end":{"line":95,"column":5}},"line":80},"6":{"name":"(anonymous_6)","decl":{"start":{"line":96,"column":4},"end":{"line":96,"column":5}},"loc":{"start":{"line":96,"column":37},"end":{"line":110,"column":5}},"line":96},"7":{"name":"(anonymous_7)","decl":{"start":{"line":111,"column":4},"end":{"line":111,"column":5}},"loc":{"start":{"line":111,"column":33},"end":{"line":138,"column":5}},"line":111}},"branchMap":{"0":{"loc":{"start":{"line":2,"column":22},"end":{"line":4,"column":1}},"type":"binary-expr","locations":[{"start":{"line":2,"column":23},"end":{"line":2,"column":27}},{"start":{"line":2,"column":31},"end":{"line":2,"column":51}},{"start":{"line":2,"column":56},"end":{"line":4,"column":1}}],"line":2},"1":{"loc":{"start":{"line":3,"column":11},"end":{"line":3,"column":61}},"type":"cond-expr","locations":[{"start":{"line":3,"column":37},"end":{"line":3,"column":40}},{"start":{"line":3,"column":43},"end":{"line":3,"column":61}}],"line":3},"2":{"loc":{"start":{"line":3,"column":12},"end":{"line":3,"column":33}},"type":"binary-expr","locations":[{"start":{"line":3,"column":12},"end":{"line":3,"column":15}},{"start":{"line":3,"column":19},"end":{"line":3,"column":33}}],"line":3},"3":{"loc":{"start":{"line":17,"column":8},"end":{"line":19,"column":9}},"type":"if","locations":[{"start":{"line":17,"column":8},"end":{"line":19,"column":9}},{"start":{},"end":{}}],"line":17},"4":{"loc":{"start":{"line":21,"column":12},"end":{"line":23,"column":13}},"type":"if","locations":[{"start":{"line":21,"column":12},"end":{"line":23,"column":13}},{"start":{},"end":{}}],"line":21},"5":{"loc":{"start":{"line":26,"column":12},"end":{"line":31,"column":13}},"type":"if","locations":[{"start":{"line":26,"column":12},"end":{"line":31,"column":13}},{"start":{"line":29,"column":17},"end":{"line":31,"column":13}}],"line":26},"6":{"loc":{"start":{"line":39,"column":8},"end":{"line":47,"column":9}},"type":"if","locations":[{"start":{"line":39,"column":8},"end":{"line":47,"column":9}},{"start":{"line":42,"column":13},"end":{"line":47,"column":9}}],"line":39},"7":{"loc":{"start":{"line":42,"column":13},"end":{"line":47,"column":9}},"type":"if","locations":[{"start":{"line":42,"column":13},"end":{"line":47,"column":9}},{"start":{"line":45,"column":13},"end":{"line":47,"column":9}}],"line":42},"8":{"loc":{"start":{"line":53,"column":12},"end":{"line":58,"column":13}},"type":"if","locations":[{"start":{"line":53,"column":12},"end":{"line":58,"column":13}},{"start":{"line":56,"column":17},"end":{"line":58,"column":13}}],"line":53},"9":{"loc":{"start":{"line":68,"column":12},"end":{"line":73,"column":13}},"type":"if","locations":[{"start":{"line":68,"column":12},"end":{"line":73,"column":13}},{"start":{"line":71,"column":17},"end":{"line":73,"column":13}}],"line":68},"10":{"loc":{"start":{"line":84,"column":12},"end":{"line":89,"column":13}},"type":"if","locations":[{"start":{"line":84,"column":12},"end":{"line":89,"column":13}},{"start":{"line":87,"column":17},"end":{"line":89,"column":13}}],"line":84},"11":{"loc":{"start":{"line":99,"column":12},"end":{"line":104,"column":13}},"type":"if","locations":[{"start":{"line":99,"column":12},"end":{"line":104,"column":13}},{"start":{"line":102,"column":17},"end":{"line":104,"column":13}}],"line":99},"12":{"loc":{"start":{"line":115,"column":12},"end":{"line":117,"column":13}},"type":"if","locations":[{"start":{"line":115,"column":12},"end":{"line":117,"column":13}},{"start":{},"end":{}}],"line":115},"13":{"loc":{"start":{"line":119,"column":12},"end":{"line":121,"column":13}},"type":"if","locations":[{"start":{"line":119,"column":12},"end":{"line":121,"column":13}},{"start":{},"end":{}}],"line":119},"14":{"loc":{"start":{"line":123,"column":12},"end":{"line":125,"column":13}},"type":"if","locations":[{"start":{"line":123,"column":12},"end":{"line":125,"column":13}},{"start":{},"end":{}}],"line":123},"15":{"loc":{"start":{"line":127,"column":12},"end":{"line":132,"column":13}},"type":"if","locations":[{"start":{"line":127,"column":12},"end":{"line":132,"column":13}},{"start":{"line":130,"column":17},"end":{"line":132,"column":13}}],"line":127}},"s":{"0":1,"1":2,"2":1,"3":1,"4":1,"5":1,"6":1,"7":1,"8":1,"9":1,"10":1,"11":0,"12":0,"13":0,"14":0,"15":0,"16":0,"17":0,"18":0,"19":0,"20":0,"21":0,"22":0,"23":0,"24":0,"25":0,"26":0,"27":0,"28":0,"29":0,"30":0,"31":0,"32":0,"33":0,"34":0,"35":0,"36":0,"37":0,"38":0,"39":0,"40":0,"41":0,"42":0,"43":0,"44":0,"45":0,"46":0,"47":0,"48":0,"49":0,"50":0,"51":0,"52":0,"53":0,"54":0,"55":0,"56":0,"57":0,"58":0,"59":0,"60":0,"61":0,"62":0,"63":0,"64":0,"65":0,"66":0,"67":0,"68":0,"69":0,"70":0,"71":0,"72":0,"73":0,"74":0,"75":0,"76":1},"f":{"0":2,"1":0,"2":0,"3":0,"4":0,"5":0,"6":0,"7":0},"b":{"0":[1,1,1],"1":[0,2],"2":[2,2],"3":[0,0],"4":[0,0],"5":[0,0],"6":[0,0],"7":[0,0],"8":[0,0],"9":[0,0],"10":[0,0],"11":[0,0],"12":[0,0],"13":[0,0],"14":[0,0],"15":[0,0]},"inputSourceMap":null,"_coverageSchema":"1a1c01bbd47fc00a2c39e90264f33305004495a9","hash":"98ac19008d3eb20e8d1916dabae160bf5c163e5b"}
,"/home/kayitare/Desktop/branding/dist/middleware/dataCheker.js": {"path":"/home/kayitare/Desktop/branding/dist/middleware/dataCheker.js","statementMap":{"0":{"start":{"line":2,"column":0},"end":{"line":2,"column":62}},"1":{"start":{"line":3,"column":0},"end":{"line":3,"column":29}},"2":{"start":{"line":4,"column":23},"end":{"line":4,"column":55}},"3":{"start":{"line":5,"column":23},"end":{"line":5,"column":55}},"4":{"start":{"line":8,"column":74},"end":{"line":8,"column":82}},"5":{"start":{"line":9,"column":8},"end":{"line":26,"column":9}},"6":{"start":{"line":10,"column":12},"end":{"line":10,"column":96}},"7":{"start":{"line":12,"column":13},"end":{"line":26,"column":9}},"8":{"start":{"line":13,"column":12},"end":{"line":13,"column":95}},"9":{"start":{"line":15,"column":13},"end":{"line":26,"column":9}},"10":{"start":{"line":16,"column":12},"end":{"line":16,"column":92}},"11":{"start":{"line":18,"column":13},"end":{"line":26,"column":9}},"12":{"start":{"line":19,"column":12},"end":{"line":19,"column":95}},"13":{"start":{"line":21,"column":13},"end":{"line":26,"column":9}},"14":{"start":{"line":22,"column":12},"end":{"line":22,"column":103}},"15":{"start":{"line":25,"column":12},"end":{"line":25,"column":19}},"16":{"start":{"line":29,"column":26},"end":{"line":29,"column":34}},"17":{"start":{"line":30,"column":21},"end":{"line":30,"column":65}},"18":{"start":{"line":31,"column":8},"end":{"line":36,"column":9}},"19":{"start":{"line":32,"column":12},"end":{"line":32,"column":77}},"20":{"start":{"line":35,"column":12},"end":{"line":35,"column":19}},"21":{"start":{"line":39,"column":0},"end":{"line":39,"column":34}}},"fnMap":{"0":{"name":"(anonymous_0)","decl":{"start":{"line":7,"column":4},"end":{"line":7,"column":5}},"loc":{"start":{"line":7,"column":46},"end":{"line":27,"column":5}},"line":7},"1":{"name":"(anonymous_1)","decl":{"start":{"line":28,"column":4},"end":{"line":28,"column":5}},"loc":{"start":{"line":28,"column":44},"end":{"line":37,"column":5}},"line":28}},"branchMap":{"0":{"loc":{"start":{"line":9,"column":8},"end":{"line":26,"column":9}},"type":"if","locations":[{"start":{"line":9,"column":8},"end":{"line":26,"column":9}},{"start":{"line":12,"column":13},"end":{"line":26,"column":9}}],"line":9},"1":{"loc":{"start":{"line":12,"column":13},"end":{"line":26,"column":9}},"type":"if","locations":[{"start":{"line":12,"column":13},"end":{"line":26,"column":9}},{"start":{"line":15,"column":13},"end":{"line":26,"column":9}}],"line":12},"2":{"loc":{"start":{"line":15,"column":13},"end":{"line":26,"column":9}},"type":"if","locations":[{"start":{"line":15,"column":13},"end":{"line":26,"column":9}},{"start":{"line":18,"column":13},"end":{"line":26,"column":9}}],"line":15},"3":{"loc":{"start":{"line":18,"column":13},"end":{"line":26,"column":9}},"type":"if","locations":[{"start":{"line":18,"column":13},"end":{"line":26,"column":9}},{"start":{"line":21,"column":13},"end":{"line":26,"column":9}}],"line":18},"4":{"loc":{"start":{"line":21,"column":13},"end":{"line":26,"column":9}},"type":"if","locations":[{"start":{"line":21,"column":13},"end":{"line":26,"column":9}},{"start":{"line":24,"column":13},"end":{"line":26,"column":9}}],"line":21},"5":{"loc":{"start":{"line":31,"column":8},"end":{"line":36,"column":9}},"type":"if","locations":[{"start":{"line":31,"column":8},"end":{"line":36,"column":9}},{"start":{"line":34,"column":13},"end":{"line":36,"column":9}}],"line":31}},"s":{"0":1,"1":1,"2":1,"3":1,"4":1,"5":1,"6":0,"7":1,"8":0,"9":1,"10":0,"11":1,"12":0,"13":1,"14":0,"15":1,"16":1,"17":1,"18":1,"19":0,"20":1,"21":1},"f":{"0":1,"1":1},"b":{"0":[0,1],"1":[0,1],"2":[0,1],"3":[0,1],"4":[0,1],"5":[0,1]},"inputSourceMap":null,"_coverageSchema":"1a1c01bbd47fc00a2c39e90264f33305004495a9","hash":"849ab3b2aed3d562a6545fd0aabbcacbd7a09c0c"}
,"/home/kayitare/Desktop/branding/dist/middleware/validator.js": {"path":"/home/kayitare/Desktop/branding/dist/middleware/validator.js","statementMap":{"0":{"start":{"line":2,"column":0},"end":{"line":2,"column":62}},"1":{"start":{"line":3,"column":0},"end":{"line":3,"column":27}},"2":{"start":{"line":4,"column":28},"end":{"line":4,"column":56}},"3":{"start":{"line":5,"column":23},"end":{"line":5,"column":55}},"4":{"start":{"line":8,"column":23},"end":{"line":8,"column":69}},"5":{"start":{"line":9,"column":8},"end":{"line":16,"column":9}},"6":{"start":{"line":10,"column":12},"end":{"line":12,"column":15}},"7":{"start":{"line":11,"column":16},"end":{"line":11,"column":70}},"8":{"start":{"line":15,"column":12},"end":{"line":15,"column":19}},"9":{"start":{"line":19,"column":8},"end":{"line":24,"column":10}},"10":{"start":{"line":27,"column":0},"end":{"line":27,"column":30}}},"fnMap":{"0":{"name":"(anonymous_0)","decl":{"start":{"line":7,"column":4},"end":{"line":7,"column":5}},"loc":{"start":{"line":7,"column":48},"end":{"line":17,"column":5}},"line":7},"1":{"name":"(anonymous_1)","decl":{"start":{"line":10,"column":31},"end":{"line":10,"column":32}},"loc":{"start":{"line":10,"column":42},"end":{"line":12,"column":13}},"line":10},"2":{"name":"(anonymous_2)","decl":{"start":{"line":18,"column":4},"end":{"line":18,"column":5}},"loc":{"start":{"line":18,"column":25},"end":{"line":25,"column":5}},"line":18}},"branchMap":{"0":{"loc":{"start":{"line":9,"column":8},"end":{"line":16,"column":9}},"type":"if","locations":[{"start":{"line":9,"column":8},"end":{"line":16,"column":9}},{"start":{"line":14,"column":13},"end":{"line":16,"column":9}}],"line":9}},"s":{"0":1,"1":1,"2":1,"3":1,"4":1,"5":1,"6":1,"7":2,"8":0,"9":1,"10":1},"f":{"0":1,"1":2,"2":1},"b":{"0":[1,0]},"inputSourceMap":null,"_coverageSchema":"1a1c01bbd47fc00a2c39e90264f33305004495a9","hash":"d8c6ca320c66b811b2b6cf8e1469c48ecc15a8d6"}
,"/home/kayitare/Desktop/branding/dist/middleware/verifyAccess.js": {"path":"/home/kayitare/Desktop/branding/dist/middleware/verifyAccess.js","statementMap":{"0":{"start":{"line":2,"column":22},"end":{"line":12,"column":3}},"1":{"start":{"line":3,"column":4},"end":{"line":3,"column":33}},"2":{"start":{"line":3,"column":26},"end":{"line":3,"column":33}},"3":{"start":{"line":4,"column":15},"end":{"line":4,"column":52}},"4":{"start":{"line":5,"column":4},"end":{"line":7,"column":5}},"5":{"start":{"line":6,"column":6},"end":{"line":6,"column":68}},"6":{"start":{"line":6,"column":51},"end":{"line":6,"column":63}},"7":{"start":{"line":8,"column":4},"end":{"line":8,"column":39}},"8":{"start":{"line":10,"column":4},"end":{"line":10,"column":33}},"9":{"start":{"line":10,"column":26},"end":{"line":10,"column":33}},"10":{"start":{"line":11,"column":4},"end":{"line":11,"column":17}},"11":{"start":{"line":13,"column":25},"end":{"line":17,"column":2}},"12":{"start":{"line":14,"column":4},"end":{"line":14,"column":72}},"13":{"start":{"line":16,"column":4},"end":{"line":16,"column":21}},"14":{"start":{"line":18,"column":19},"end":{"line":24,"column":1}},"15":{"start":{"line":19,"column":4},"end":{"line":19,"column":42}},"16":{"start":{"line":19,"column":31},"end":{"line":19,"column":42}},"17":{"start":{"line":20,"column":17},"end":{"line":20,"column":19}},"18":{"start":{"line":21,"column":4},"end":{"line":21,"column":141}},"19":{"start":{"line":21,"column":21},"end":{"line":21,"column":141}},"20":{"start":{"line":21,"column":40},"end":{"line":21,"column":141}},"21":{"start":{"line":21,"column":109},"end":{"line":21,"column":141}},"22":{"start":{"line":22,"column":4},"end":{"line":22,"column":36}},"23":{"start":{"line":23,"column":4},"end":{"line":23,"column":18}},"24":{"start":{"line":25,"column":0},"end":{"line":25,"column":62}},"25":{"start":{"line":26,"column":23},"end":{"line":26,"column":60}},"26":{"start":{"line":27,"column":23},"end":{"line":27,"column":55}},"27":{"start":{"line":28,"column":21},"end":{"line":58,"column":1}},"28":{"start":{"line":29,"column":4},"end":{"line":57,"column":6}},"29":{"start":{"line":30,"column":22},"end":{"line":30,"column":43}},"30":{"start":{"line":31,"column":8},"end":{"line":33,"column":9}},"31":{"start":{"line":32,"column":12},"end":{"line":32,"column":89}},"32":{"start":{"line":34,"column":26},"end":{"line":34,"column":48}},"33":{"start":{"line":35,"column":8},"end":{"line":37,"column":9}},"34":{"start":{"line":36,"column":12},"end":{"line":36,"column":91}},"35":{"start":{"line":38,"column":8},"end":{"line":56,"column":9}},"36":{"start":{"line":39,"column":32},"end":{"line":39,"column":79}},"37":{"start":{"line":40,"column":12},"end":{"line":40,"column":35}},"38":{"start":{"line":41,"column":12},"end":{"line":46,"column":13}},"39":{"start":{"line":42,"column":16},"end":{"line":42,"column":91}},"40":{"start":{"line":45,"column":16},"end":{"line":45,"column":23}},"41":{"start":{"line":49,"column":12},"end":{"line":54,"column":13}},"42":{"start":{"line":50,"column":16},"end":{"line":50,"column":83}},"43":{"start":{"line":52,"column":17},"end":{"line":54,"column":13}},"44":{"start":{"line":53,"column":16},"end":{"line":53,"column":83}},"45":{"start":{"line":55,"column":12},"end":{"line":55,"column":96}},"46":{"start":{"line":59,"column":0},"end":{"line":59,"column":31}}},"fnMap":{"0":{"name":"(anonymous_0)","decl":{"start":{"line":2,"column":74},"end":{"line":2,"column":75}},"loc":{"start":{"line":2,"column":96},"end":{"line":9,"column":1}},"line":2},"1":{"name":"(anonymous_1)","decl":{"start":{"line":6,"column":38},"end":{"line":6,"column":39}},"loc":{"start":{"line":6,"column":49},"end":{"line":6,"column":65}},"line":6},"2":{"name":"(anonymous_2)","decl":{"start":{"line":9,"column":6},"end":{"line":9,"column":7}},"loc":{"start":{"line":9,"column":28},"end":{"line":12,"column":1}},"line":9},"3":{"name":"(anonymous_3)","decl":{"start":{"line":13,"column":80},"end":{"line":13,"column":81}},"loc":{"start":{"line":13,"column":95},"end":{"line":15,"column":1}},"line":13},"4":{"name":"(anonymous_4)","decl":{"start":{"line":15,"column":5},"end":{"line":15,"column":6}},"loc":{"start":{"line":15,"column":20},"end":{"line":17,"column":1}},"line":15},"5":{"name":"(anonymous_5)","decl":{"start":{"line":18,"column":50},"end":{"line":18,"column":51}},"loc":{"start":{"line":18,"column":65},"end":{"line":24,"column":1}},"line":18},"6":{"name":"(anonymous_6)","decl":{"start":{"line":28,"column":21},"end":{"line":28,"column":22}},"loc":{"start":{"line":28,"column":35},"end":{"line":58,"column":1}},"line":28},"7":{"name":"(anonymous_7)","decl":{"start":{"line":29,"column":11},"end":{"line":29,"column":12}},"loc":{"start":{"line":29,"column":31},"end":{"line":57,"column":5}},"line":29}},"branchMap":{"0":{"loc":{"start":{"line":2,"column":22},"end":{"line":12,"column":3}},"type":"binary-expr","locations":[{"start":{"line":2,"column":23},"end":{"line":2,"column":27}},{"start":{"line":2,"column":31},"end":{"line":2,"column":51}},{"start":{"line":2,"column":57},"end":{"line":12,"column":2}}],"line":2},"1":{"loc":{"start":{"line":2,"column":57},"end":{"line":12,"column":2}},"type":"cond-expr","locations":[{"start":{"line":2,"column":74},"end":{"line":9,"column":1}},{"start":{"line":9,"column":6},"end":{"line":12,"column":1}}],"line":2},"2":{"loc":{"start":{"line":3,"column":4},"end":{"line":3,"column":33}},"type":"if","locations":[{"start":{"line":3,"column":4},"end":{"line":3,"column":33}},{"start":{},"end":{}}],"line":3},"3":{"loc":{"start":{"line":5,"column":4},"end":{"line":7,"column":5}},"type":"if","locations":[{"start":{"line":5,"column":4},"end":{"line":7,"column":5}},{"start":{},"end":{}}],"line":5},"4":{"loc":{"start":{"line":5,"column":8},"end":{"line":5,"column":85}},"type":"binary-expr","locations":[{"start":{"line":5,"column":8},"end":{"line":5,"column":13}},{"start":{"line":5,"column":18},"end":{"line":5,"column":84}}],"line":5},"5":{"loc":{"start":{"line":5,"column":18},"end":{"line":5,"column":84}},"type":"cond-expr","locations":[{"start":{"line":5,"column":34},"end":{"line":5,"column":47}},{"start":{"line":5,"column":50},"end":{"line":5,"column":84}}],"line":5},"6":{"loc":{"start":{"line":5,"column":50},"end":{"line":5,"column":84}},"type":"binary-expr","locations":[{"start":{"line":5,"column":50},"end":{"line":5,"column":63}},{"start":{"line":5,"column":67},"end":{"line":5,"column":84}}],"line":5},"7":{"loc":{"start":{"line":10,"column":4},"end":{"line":10,"column":33}},"type":"if","locations":[{"start":{"line":10,"column":4},"end":{"line":10,"column":33}},{"start":{},"end":{}}],"line":10},"8":{"loc":{"start":{"line":13,"column":25},"end":{"line":17,"column":2}},"type":"binary-expr","locations":[{"start":{"line":13,"column":26},"end":{"line":13,"column":30}},{"start":{"line":13,"column":34},"end":{"line":13,"column":57}},{"start":{"line":13,"column":63},"end":{"line":17,"column":1}}],"line":13},"9":{"loc":{"start":{"line":13,"column":63},"end":{"line":17,"column":1}},"type":"cond-expr","locations":[{"start":{"line":13,"column":80},"end":{"line":15,"column":1}},{"start":{"line":15,"column":5},"end":{"line":17,"column":1}}],"line":13},"10":{"loc":{"start":{"line":18,"column":19},"end":{"line":24,"column":1}},"type":"binary-expr","locations":[{"start":{"line":18,"column":20},"end":{"line":18,"column":24}},{"start":{"line":18,"column":28},"end":{"line":18,"column":45}},{"start":{"line":18,"column":50},"end":{"line":24,"column":1}}],"line":18},"11":{"loc":{"start":{"line":19,"column":4},"end":{"line":19,"column":42}},"type":"if","locations":[{"start":{"line":19,"column":4},"end":{"line":19,"column":42}},{"start":{},"end":{}}],"line":19},"12":{"loc":{"start":{"line":19,"column":8},"end":{"line":19,"column":29}},"type":"binary-expr","locations":[{"start":{"line":19,"column":8},"end":{"line":19,"column":11}},{"start":{"line":19,"column":15},"end":{"line":19,"column":29}}],"line":19},"13":{"loc":{"start":{"line":21,"column":4},"end":{"line":21,"column":141}},"type":"if","locations":[{"start":{"line":21,"column":4},"end":{"line":21,"column":141}},{"start":{},"end":{}}],"line":21},"14":{"loc":{"start":{"line":21,"column":40},"end":{"line":21,"column":141}},"type":"if","locations":[{"start":{"line":21,"column":40},"end":{"line":21,"column":141}},{"start":{},"end":{}}],"line":21},"15":{"loc":{"start":{"line":21,"column":44},"end":{"line":21,"column":107}},"type":"binary-expr","locations":[{"start":{"line":21,"column":44},"end":{"line":21,"column":59}},{"start":{"line":21,"column":63},"end":{"line":21,"column":107}}],"line":21},"16":{"loc":{"start":{"line":31,"column":8},"end":{"line":33,"column":9}},"type":"if","locations":[{"start":{"line":31,"column":8},"end":{"line":33,"column":9}},{"start":{},"end":{}}],"line":31},"17":{"loc":{"start":{"line":31,"column":12},"end":{"line":31,"column":42}},"type":"binary-expr","locations":[{"start":{"line":31,"column":12},"end":{"line":31,"column":18}},{"start":{"line":31,"column":22},"end":{"line":31,"column":42}}],"line":31},"18":{"loc":{"start":{"line":35,"column":8},"end":{"line":37,"column":9}},"type":"if","locations":[{"start":{"line":35,"column":8},"end":{"line":37,"column":9}},{"start":{},"end":{}}],"line":35},"19":{"loc":{"start":{"line":41,"column":12},"end":{"line":46,"column":13}},"type":"if","locations":[{"start":{"line":41,"column":12},"end":{"line":46,"column":13}},{"start":{"line":44,"column":17},"end":{"line":46,"column":13}}],"line":41},"20":{"loc":{"start":{"line":49,"column":12},"end":{"line":54,"column":13}},"type":"if","locations":[{"start":{"line":49,"column":12},"end":{"line":54,"column":13}},{"start":{"line":52,"column":17},"end":{"line":54,"column":13}}],"line":49},"21":{"loc":{"start":{"line":52,"column":17},"end":{"line":54,"column":13}},"type":"if","locations":[{"start":{"line":52,"column":17},"end":{"line":54,"column":13}},{"start":{},"end":{}}],"line":52}},"s":{"0":1,"1":6,"2":6,"3":6,"4":6,"5":6,"6":0,"7":6,"8":0,"9":0,"10":0,"11":1,"12":1,"13":0,"14":1,"15":1,"16":0,"17":1,"18":1,"19":1,"20":6,"21":6,"22":1,"23":1,"24":1,"25":1,"26":1,"27":1,"28":6,"29":2,"30":2,"31":2,"32":0,"33":0,"34":0,"35":0,"36":0,"37":0,"38":0,"39":0,"40":0,"41":0,"42":0,"43":0,"44":0,"45":0,"46":1},"f":{"0":6,"1":0,"2":0,"3":1,"4":0,"5":1,"6":6,"7":2},"b":{"0":[1,1,1],"1":[1,0],"2":[6,0],"3":[6,0],"4":[6,6],"5":[0,6],"6":[6,0],"7":[0,0],"8":[1,1,1],"9":[1,0],"10":[1,1,1],"11":[0,1],"12":[1,1],"13":[1,0],"14":[6,0],"15":[6,6],"16":[2,0],"17":[2,0],"18":[0,0],"19":[0,0],"20":[0,0],"21":[0,0]},"inputSourceMap":null,"_coverageSchema":"1a1c01bbd47fc00a2c39e90264f33305004495a9","hash":"1abb26148a079465afadaa1146a299ef11cc22a5"}
,"/home/kayitare/Desktop/branding/dist/model/product.blogs.js": {"path":"/home/kayitare/Desktop/branding/dist/model/product.blogs.js","statementMap":{"0":{"start":{"line":2,"column":22},"end":{"line":4,"column":1}},"1":{"start":{"line":3,"column":4},"end":{"line":3,"column":62}},"2":{"start":{"line":5,"column":0},"end":{"line":5,"column":62}},"3":{"start":{"line":6,"column":0},"end":{"line":6,"column":23}},"4":{"start":{"line":7,"column":19},"end":{"line":7,"column":55}},"5":{"start":{"line":8,"column":20},"end":{"line":37,"column":2}},"6":{"start":{"line":38,"column":14},"end":{"line":38,"column":60}},"7":{"start":{"line":39,"column":0},"end":{"line":39,"column":22}}},"fnMap":{"0":{"name":"(anonymous_0)","decl":{"start":{"line":2,"column":56},"end":{"line":2,"column":57}},"loc":{"start":{"line":2,"column":71},"end":{"line":4,"column":1}},"line":2}},"branchMap":{"0":{"loc":{"start":{"line":2,"column":22},"end":{"line":4,"column":1}},"type":"binary-expr","locations":[{"start":{"line":2,"column":23},"end":{"line":2,"column":27}},{"start":{"line":2,"column":31},"end":{"line":2,"column":51}},{"start":{"line":2,"column":56},"end":{"line":4,"column":1}}],"line":2},"1":{"loc":{"start":{"line":3,"column":11},"end":{"line":3,"column":61}},"type":"cond-expr","locations":[{"start":{"line":3,"column":37},"end":{"line":3,"column":40}},{"start":{"line":3,"column":43},"end":{"line":3,"column":61}}],"line":3},"2":{"loc":{"start":{"line":3,"column":12},"end":{"line":3,"column":33}},"type":"binary-expr","locations":[{"start":{"line":3,"column":12},"end":{"line":3,"column":15}},{"start":{"line":3,"column":19},"end":{"line":3,"column":33}}],"line":3}},"s":{"0":1,"1":1,"2":1,"3":1,"4":1,"5":1,"6":1,"7":1},"f":{"0":1},"b":{"0":[1,1,1],"1":[0,1],"2":[1,1]},"inputSourceMap":null,"_coverageSchema":"1a1c01bbd47fc00a2c39e90264f33305004495a9","hash":"f3e9a4c61f35d7398aa1a3387309d9ceee78aa62"}
,"/home/kayitare/Desktop/branding/dist/model/product.user.js": {"path":"/home/kayitare/Desktop/branding/dist/model/product.user.js","statementMap":{"0":{"start":{"line":2,"column":22},"end":{"line":4,"column":1}},"1":{"start":{"line":3,"column":4},"end":{"line":3,"column":62}},"2":{"start":{"line":5,"column":0},"end":{"line":5,"column":62}},"3":{"start":{"line":6,"column":0},"end":{"line":6,"column":22}},"4":{"start":{"line":7,"column":19},"end":{"line":7,"column":55}},"5":{"start":{"line":8,"column":19},"end":{"line":38,"column":2}},"6":{"start":{"line":39,"column":13},"end":{"line":39,"column":57}},"7":{"start":{"line":40,"column":0},"end":{"line":40,"column":20}}},"fnMap":{"0":{"name":"(anonymous_0)","decl":{"start":{"line":2,"column":56},"end":{"line":2,"column":57}},"loc":{"start":{"line":2,"column":71},"end":{"line":4,"column":1}},"line":2}},"branchMap":{"0":{"loc":{"start":{"line":2,"column":22},"end":{"line":4,"column":1}},"type":"binary-expr","locations":[{"start":{"line":2,"column":23},"end":{"line":2,"column":27}},{"start":{"line":2,"column":31},"end":{"line":2,"column":51}},{"start":{"line":2,"column":56},"end":{"line":4,"column":1}}],"line":2},"1":{"loc":{"start":{"line":3,"column":11},"end":{"line":3,"column":61}},"type":"cond-expr","locations":[{"start":{"line":3,"column":37},"end":{"line":3,"column":40}},{"start":{"line":3,"column":43},"end":{"line":3,"column":61}}],"line":3},"2":{"loc":{"start":{"line":3,"column":12},"end":{"line":3,"column":33}},"type":"binary-expr","locations":[{"start":{"line":3,"column":12},"end":{"line":3,"column":15}},{"start":{"line":3,"column":19},"end":{"line":3,"column":33}}],"line":3}},"s":{"0":1,"1":1,"2":1,"3":1,"4":1,"5":1,"6":1,"7":1},"f":{"0":1},"b":{"0":[1,1,1],"1":[0,1],"2":[1,1]},"inputSourceMap":null,"_coverageSchema":"1a1c01bbd47fc00a2c39e90264f33305004495a9","hash":"0f7ae100666a418b6477fbe94005f08b063996ac"}
,"/home/kayitare/Desktop/branding/dist/routes/blogsRoutes.js": {"path":"/home/kayitare/Desktop/branding/dist/routes/blogsRoutes.js","statementMap":{"0":{"start":{"line":2,"column":22},"end":{"line":4,"column":1}},"1":{"start":{"line":3,"column":4},"end":{"line":3,"column":62}},"2":{"start":{"line":5,"column":0},"end":{"line":5,"column":62}},"3":{"start":{"line":6,"column":18},"end":{"line":6,"column":53}},"4":{"start":{"line":7,"column":33},"end":{"line":7,"column":80}},"5":{"start":{"line":8,"column":23},"end":{"line":8,"column":77}},"6":{"start":{"line":9,"column":17},"end":{"line":9,"column":65}},"7":{"start":{"line":10,"column":15},"end":{"line":10,"column":41}},"8":{"start":{"line":11,"column":0},"end":{"line":11,"column":107}},"9":{"start":{"line":12,"column":0},"end":{"line":12,"column":107}},"10":{"start":{"line":13,"column":0},"end":{"line":13,"column":70}},"11":{"start":{"line":14,"column":0},"end":{"line":14,"column":73}},"12":{"start":{"line":15,"column":0},"end":{"line":15,"column":111}},"13":{"start":{"line":16,"column":0},"end":{"line":16,"column":117}},"14":{"start":{"line":17,"column":0},"end":{"line":17,"column":114}},"15":{"start":{"line":18,"column":0},"end":{"line":18,"column":76}},"16":{"start":{"line":19,"column":0},"end":{"line":19,"column":80}},"17":{"start":{"line":20,"column":0},"end":{"line":20,"column":25}}},"fnMap":{"0":{"name":"(anonymous_0)","decl":{"start":{"line":2,"column":56},"end":{"line":2,"column":57}},"loc":{"start":{"line":2,"column":71},"end":{"line":4,"column":1}},"line":2}},"branchMap":{"0":{"loc":{"start":{"line":2,"column":22},"end":{"line":4,"column":1}},"type":"binary-expr","locations":[{"start":{"line":2,"column":23},"end":{"line":2,"column":27}},{"start":{"line":2,"column":31},"end":{"line":2,"column":51}},{"start":{"line":2,"column":56},"end":{"line":4,"column":1}}],"line":2},"1":{"loc":{"start":{"line":3,"column":11},"end":{"line":3,"column":61}},"type":"cond-expr","locations":[{"start":{"line":3,"column":37},"end":{"line":3,"column":40}},{"start":{"line":3,"column":43},"end":{"line":3,"column":61}}],"line":3},"2":{"loc":{"start":{"line":3,"column":12},"end":{"line":3,"column":33}},"type":"binary-expr","locations":[{"start":{"line":3,"column":12},"end":{"line":3,"column":15}},{"start":{"line":3,"column":19},"end":{"line":3,"column":33}}],"line":3}},"s":{"0":1,"1":3,"2":1,"3":1,"4":1,"5":1,"6":1,"7":1,"8":1,"9":1,"10":1,"11":1,"12":1,"13":1,"14":1,"15":1,"16":1,"17":1},"f":{"0":3},"b":{"0":[1,1,1],"1":[2,1],"2":[3,3]},"inputSourceMap":null,"_coverageSchema":"1a1c01bbd47fc00a2c39e90264f33305004495a9","hash":"e021bdb9258537dc17d48a1801bb85a488c8f0ed"}
,"/home/kayitare/Desktop/branding/dist/routes/userRoute.js": {"path":"/home/kayitare/Desktop/branding/dist/routes/userRoute.js","statementMap":{"0":{"start":{"line":2,"column":22},"end":{"line":4,"column":1}},"1":{"start":{"line":3,"column":4},"end":{"line":3,"column":62}},"2":{"start":{"line":5,"column":0},"end":{"line":5,"column":62}},"3":{"start":{"line":6,"column":33},"end":{"line":6,"column":80}},"4":{"start":{"line":7,"column":23},"end":{"line":7,"column":77}},"5":{"start":{"line":8,"column":18},"end":{"line":8,"column":53}},"6":{"start":{"line":9,"column":21},"end":{"line":9,"column":56}},"7":{"start":{"line":10,"column":20},"end":{"line":10,"column":54}},"8":{"start":{"line":11,"column":15},"end":{"line":11,"column":41}},"9":{"start":{"line":12,"column":0},"end":{"line":12,"column":220}},"10":{"start":{"line":13,"column":0},"end":{"line":13,"column":106}},"11":{"start":{"line":14,"column":0},"end":{"line":14,"column":71}},"12":{"start":{"line":15,"column":0},"end":{"line":15,"column":77}},"13":{"start":{"line":16,"column":0},"end":{"line":16,"column":73}},"14":{"start":{"line":17,"column":0},"end":{"line":17,"column":108}},"15":{"start":{"line":18,"column":0},"end":{"line":18,"column":69}},"16":{"start":{"line":19,"column":0},"end":{"line":19,"column":25}}},"fnMap":{"0":{"name":"(anonymous_0)","decl":{"start":{"line":2,"column":56},"end":{"line":2,"column":57}},"loc":{"start":{"line":2,"column":71},"end":{"line":4,"column":1}},"line":2}},"branchMap":{"0":{"loc":{"start":{"line":2,"column":22},"end":{"line":4,"column":1}},"type":"binary-expr","locations":[{"start":{"line":2,"column":23},"end":{"line":2,"column":27}},{"start":{"line":2,"column":31},"end":{"line":2,"column":51}},{"start":{"line":2,"column":56},"end":{"line":4,"column":1}}],"line":2},"1":{"loc":{"start":{"line":3,"column":11},"end":{"line":3,"column":61}},"type":"cond-expr","locations":[{"start":{"line":3,"column":37},"end":{"line":3,"column":40}},{"start":{"line":3,"column":43},"end":{"line":3,"column":61}}],"line":3},"2":{"loc":{"start":{"line":3,"column":12},"end":{"line":3,"column":33}},"type":"binary-expr","locations":[{"start":{"line":3,"column":12},"end":{"line":3,"column":15}},{"start":{"line":3,"column":19},"end":{"line":3,"column":33}}],"line":3}},"s":{"0":1,"1":2,"2":1,"3":1,"4":1,"5":1,"6":1,"7":1,"8":1,"9":1,"10":1,"11":1,"12":1,"13":1,"14":1,"15":1,"16":1},"f":{"0":2},"b":{"0":[1,1,1],"1":[1,1],"2":[2,2]},"inputSourceMap":null,"_coverageSchema":"1a1c01bbd47fc00a2c39e90264f33305004495a9","hash":"e78eed6706d3757469f736ba6f5ea3d9ad5a150b"}
,"/home/kayitare/Desktop/branding/dist/utils/errorMessage.js": {"path":"/home/kayitare/Desktop/branding/dist/utils/errorMessage.js","statementMap":{"0":{"start":{"line":2,"column":0},"end":{"line":2,"column":62}},"1":{"start":{"line":3,"column":0},"end":{"line":3,"column":30}},"2":{"start":{"line":4,"column":21},"end":{"line":8,"column":1}},"3":{"start":{"line":5,"column":4},"end":{"line":7,"column":7}},"4":{"start":{"line":9,"column":0},"end":{"line":9,"column":36}}},"fnMap":{"0":{"name":"(anonymous_0)","decl":{"start":{"line":4,"column":21},"end":{"line":4,"column":22}},"loc":{"start":{"line":4,"column":47},"end":{"line":8,"column":1}},"line":4}},"branchMap":{},"s":{"0":1,"1":1,"2":1,"3":4,"4":1},"f":{"0":4},"b":{},"inputSourceMap":null,"_coverageSchema":"1a1c01bbd47fc00a2c39e90264f33305004495a9","hash":"2c1d5992a32f644a3dd39536f695abf4438e21ec"}
,"/home/kayitare/Desktop/branding/dist/utils/loginSuccess.js": {"path":"/home/kayitare/Desktop/branding/dist/utils/loginSuccess.js","statementMap":{"0":{"start":{"line":2,"column":0},"end":{"line":2,"column":62}},"1":{"start":{"line":3,"column":0},"end":{"line":3,"column":30}},"2":{"start":{"line":4,"column":21},"end":{"line":9,"column":1}},"3":{"start":{"line":5,"column":4},"end":{"line":8,"column":7}},"4":{"start":{"line":10,"column":0},"end":{"line":10,"column":36}}},"fnMap":{"0":{"name":"(anonymous_0)","decl":{"start":{"line":4,"column":21},"end":{"line":4,"column":22}},"loc":{"start":{"line":4,"column":54},"end":{"line":9,"column":1}},"line":4}},"branchMap":{},"s":{"0":1,"1":1,"2":1,"3":0,"4":1},"f":{"0":0},"b":{},"inputSourceMap":null,"_coverageSchema":"1a1c01bbd47fc00a2c39e90264f33305004495a9","hash":"a93e14db5261960ed25ea0b6bd894ca4033fe487"}
,"/home/kayitare/Desktop/branding/dist/utils/successMessage.js": {"path":"/home/kayitare/Desktop/branding/dist/utils/successMessage.js","statementMap":{"0":{"start":{"line":2,"column":0},"end":{"line":2,"column":62}},"1":{"start":{"line":3,"column":0},"end":{"line":3,"column":32}},"2":{"start":{"line":4,"column":23},"end":{"line":9,"column":1}},"3":{"start":{"line":5,"column":4},"end":{"line":8,"column":7}},"4":{"start":{"line":10,"column":0},"end":{"line":10,"column":40}}},"fnMap":{"0":{"name":"(anonymous_0)","decl":{"start":{"line":4,"column":23},"end":{"line":4,"column":24}},"loc":{"start":{"line":4,"column":55},"end":{"line":9,"column":1}},"line":4}},"branchMap":{},"s":{"0":1,"1":1,"2":1,"3":1,"4":1},"f":{"0":1},"b":{},"inputSourceMap":null,"_coverageSchema":"1a1c01bbd47fc00a2c39e90264f33305004495a9","hash":"d8111be844a30a6ed57a154dc1c5f074dc5ba263"}
,"/home/kayitare/Desktop/branding/dist/utils/sucess.js": {"path":"/home/kayitare/Desktop/branding/dist/utils/sucess.js","statementMap":{"0":{"start":{"line":2,"column":0},"end":{"line":2,"column":62}},"1":{"start":{"line":3,"column":0},"end":{"line":3,"column":25}},"2":{"start":{"line":4,"column":16},"end":{"line":8,"column":1}},"3":{"start":{"line":5,"column":4},"end":{"line":7,"column":7}},"4":{"start":{"line":9,"column":0},"end":{"line":9,"column":26}}},"fnMap":{"0":{"name":"(anonymous_0)","decl":{"start":{"line":4,"column":16},"end":{"line":4,"column":17}},"loc":{"start":{"line":4,"column":42},"end":{"line":8,"column":1}},"line":4}},"branchMap":{},"s":{"0":1,"1":1,"2":1,"3":0,"4":1},"f":{"0":0},"b":{},"inputSourceMap":null,"_coverageSchema":"1a1c01bbd47fc00a2c39e90264f33305004495a9","hash":"92f8dca6b1c25f2ef450cd16130cb5ffe5bd6f41"}
,"/home/kayitare/Desktop/branding/dist/validation/upload.js": {"path":"/home/kayitare/Desktop/branding/dist/validation/upload.js","statementMap":{"0":{"start":{"line":2,"column":22},"end":{"line":4,"column":1}},"1":{"start":{"line":3,"column":4},"end":{"line":3,"column":62}},"2":{"start":{"line":5,"column":0},"end":{"line":5,"column":62}},"3":{"start":{"line":6,"column":17},"end":{"line":6,"column":51}},"4":{"start":{"line":7,"column":15},"end":{"line":7,"column":47}},"5":{"start":{"line":8,"column":16},"end":{"line":13,"column":2}},"6":{"start":{"line":11,"column":8},"end":{"line":11,"column":96}},"7":{"start":{"line":14,"column":19},"end":{"line":21,"column":1}},"8":{"start":{"line":15,"column":4},"end":{"line":20,"column":5}},"9":{"start":{"line":16,"column":8},"end":{"line":16,"column":23}},"10":{"start":{"line":19,"column":8},"end":{"line":19,"column":70}},"11":{"start":{"line":22,"column":15},"end":{"line":22,"column":61}},"12":{"start":{"line":23,"column":0},"end":{"line":23,"column":25}}},"fnMap":{"0":{"name":"(anonymous_0)","decl":{"start":{"line":2,"column":56},"end":{"line":2,"column":57}},"loc":{"start":{"line":2,"column":71},"end":{"line":4,"column":1}},"line":2},"1":{"name":"(anonymous_1)","decl":{"start":{"line":10,"column":14},"end":{"line":10,"column":15}},"loc":{"start":{"line":10,"column":33},"end":{"line":12,"column":5}},"line":10},"2":{"name":"(anonymous_2)","decl":{"start":{"line":14,"column":19},"end":{"line":14,"column":20}},"loc":{"start":{"line":14,"column":38},"end":{"line":21,"column":1}},"line":14}},"branchMap":{"0":{"loc":{"start":{"line":2,"column":22},"end":{"line":4,"column":1}},"type":"binary-expr","locations":[{"start":{"line":2,"column":23},"end":{"line":2,"column":27}},{"start":{"line":2,"column":31},"end":{"line":2,"column":51}},{"start":{"line":2,"column":56},"end":{"line":4,"column":1}}],"line":2},"1":{"loc":{"start":{"line":3,"column":11},"end":{"line":3,"column":61}},"type":"cond-expr","locations":[{"start":{"line":3,"column":37},"end":{"line":3,"column":40}},{"start":{"line":3,"column":43},"end":{"line":3,"column":61}}],"line":3},"2":{"loc":{"start":{"line":3,"column":12},"end":{"line":3,"column":33}},"type":"binary-expr","locations":[{"start":{"line":3,"column":12},"end":{"line":3,"column":15}},{"start":{"line":3,"column":19},"end":{"line":3,"column":33}}],"line":3},"3":{"loc":{"start":{"line":15,"column":4},"end":{"line":20,"column":5}},"type":"if","locations":[{"start":{"line":15,"column":4},"end":{"line":20,"column":5}},{"start":{"line":18,"column":9},"end":{"line":20,"column":5}}],"line":15}},"s":{"0":1,"1":2,"2":1,"3":1,"4":1,"5":1,"6":0,"7":1,"8":0,"9":0,"10":0,"11":1,"12":1},"f":{"0":2,"1":0,"2":0},"b":{"0":[1,1,1],"1":[0,2],"2":[2,2],"3":[0,0]},"inputSourceMap":null,"_coverageSchema":"1a1c01bbd47fc00a2c39e90264f33305004495a9","hash":"a268f2986af02eeccfcb293a88cf6f7cd6ef1e92"}
,"/home/kayitare/Desktop/branding/src/server.ts": {"path":"/home/kayitare/Desktop/branding/src/server.ts","statementMap":{"0":{"start":{"line":1,"column":0},"end":{"line":1,"column":53}},"1":{"start":{"line":2,"column":0},"end":{"line":2,"column":47}},"2":{"start":{"line":3,"column":0},"end":{"line":3,"column":43}},"3":{"start":{"line":4,"column":0},"end":{"line":4,"column":37}},"4":{"start":{"line":5,"column":0},"end":{"line":5,"column":41}},"5":{"start":{"line":6,"column":0},"end":{"line":6,"column":38}},"6":{"start":{"line":7,"column":0},"end":{"line":7,"column":24}},"7":{"start":{"line":10,"column":12},"end":{"line":10,"column":21}},"8":{"start":{"line":12,"column":0},"end":{"line":14,"column":4}},"9":{"start":{"line":16,"column":0},"end":{"line":16,"column":23}},"10":{"start":{"line":17,"column":0},"end":{"line":17,"column":24}},"11":{"start":{"line":18,"column":0},"end":{"line":18,"column":27}},"12":{"start":{"line":19,"column":0},"end":{"line":19,"column":30}},"13":{"start":{"line":20,"column":0},"end":{"line":20,"column":null}},"14":{"start":{"line":21,"column":0},"end":{"line":23,"column":3}},"15":{"start":{"line":22,"column":4},"end":{"line":22,"column":64}},"16":{"start":{"line":24,"column":0},"end":{"line":24,"column":29}},"17":{"start":{"line":26,"column":0},"end":{"line":26,"column":19}}},"fnMap":{"0":{"name":"(anonymous_1)","decl":{"start":{"line":21,"column":13},"end":{"line":21,"column":14}},"loc":{"start":{"line":21,"column":45},"end":{"line":23,"column":1}}}},"branchMap":{},"s":{"0":1,"1":1,"2":1,"3":1,"4":1,"5":1,"6":1,"7":1,"8":1,"9":1,"10":1,"11":1,"12":1,"13":1,"14":1,"15":2,"16":1,"17":1},"f":{"0":2},"b":{}}
,"/home/kayitare/Desktop/branding/src/controller/product.blogController.ts": {"path":"/home/kayitare/Desktop/branding/src/controller/product.blogController.ts","statementMap":{"0":{"start":{"line":2,"column":0},"end":{"line":2,"column":47}},"1":{"start":{"line":3,"column":0},"end":{"line":3,"column":57}},"2":{"start":{"line":4,"column":0},"end":{"line":4,"column":53}},"3":{"start":{"line":15,"column":45},"end":{"line":15,"column":53}},"4":{"start":{"line":16,"column":18},"end":{"line":16,"column":38}},"5":{"start":{"line":18,"column":8},"end":{"line":28,"column":9}},"6":{"start":{"line":19,"column":26},"end":{"line":19,"column":83}},"7":{"start":{"line":20,"column":12},"end":{"line":24,"column":13}},"8":{"start":{"line":21,"column":16},"end":{"line":21,"column":null}},"9":{"start":{"line":23,"column":16},"end":{"line":23,"column":null}},"10":{"start":{"line":26,"column":12},"end":{"line":26,"column":57}},"11":{"start":{"line":27,"column":12},"end":{"line":27,"column":67}},"12":{"start":{"line":32,"column":8},"end":{"line":41,"column":9}},"13":{"start":{"line":33,"column":26},"end":{"line":33,"column":44}},"14":{"start":{"line":34,"column":12},"end":{"line":38,"column":13}},"15":{"start":{"line":35,"column":16},"end":{"line":35,"column":null}},"16":{"start":{"line":37,"column":16},"end":{"line":37,"column":null}},"17":{"start":{"line":45,"column":23},"end":{"line":45,"column":36}},"18":{"start":{"line":46,"column":8},"end":{"line":55,"column":9}},"19":{"start":{"line":47,"column":26},"end":{"line":47,"column":54}},"20":{"start":{"line":48,"column":12},"end":{"line":52,"column":13}},"21":{"start":{"line":49,"column":16},"end":{"line":49,"column":null}},"22":{"start":{"line":51,"column":16},"end":{"line":51,"column":null}},"23":{"start":{"line":58,"column":23},"end":{"line":58,"column":36}},"24":{"start":{"line":59,"column":8},"end":{"line":68,"column":9}},"25":{"start":{"line":60,"column":26},"end":{"line":60,"column":63}},"26":{"start":{"line":61,"column":12},"end":{"line":65,"column":13}},"27":{"start":{"line":62,"column":16},"end":{"line":62,"column":null}},"28":{"start":{"line":64,"column":16},"end":{"line":64,"column":null}},"29":{"start":{"line":71,"column":23},"end":{"line":71,"column":36}},"30":{"start":{"line":72,"column":8},"end":{"line":81,"column":9}},"31":{"start":{"line":73,"column":26},"end":{"line":73,"column":83}},"32":{"start":{"line":74,"column":12},"end":{"line":78,"column":13}},"33":{"start":{"line":75,"column":16},"end":{"line":75,"column":null}},"34":{"start":{"line":77,"column":16},"end":{"line":77,"column":null}},"35":{"start":{"line":84,"column":23},"end":{"line":84,"column":36}},"36":{"start":{"line":85,"column":8},"end":{"line":94,"column":9}},"37":{"start":{"line":86,"column":26},"end":{"line":86,"column":50}},"38":{"start":{"line":87,"column":12},"end":{"line":91,"column":13}},"39":{"start":{"line":88,"column":16},"end":{"line":88,"column":null}},"40":{"start":{"line":90,"column":16},"end":{"line":90,"column":null}},"41":{"start":{"line":97,"column":8},"end":{"line":110,"column":9}},"42":{"start":{"line":98,"column":25},"end":{"line":98,"column":62}},"43":{"start":{"line":100,"column":12},"end":{"line":102,"column":13}},"44":{"start":{"line":101,"column":15},"end":{"line":101,"column":null}},"45":{"start":{"line":103,"column":12},"end":{"line":103,"column":25}},"46":{"start":{"line":104,"column":12},"end":{"line":104,"column":30}},"47":{"start":{"line":106,"column":10},"end":{"line":106,"column":null}},"48":{"start":{"line":109,"column":12},"end":{"line":109,"column":null}},"49":{"start":{"line":114,"column":8},"end":{"line":129,"column":9}},"50":{"start":{"line":115,"column":25},"end":{"line":115,"column":62}},"51":{"start":{"line":116,"column":12},"end":{"line":121,"column":13}},"52":{"start":{"line":117,"column":16},"end":{"line":117,"column":65}},"53":{"start":{"line":120,"column":16},"end":{"line":120,"column":51}},"54":{"start":{"line":122,"column":12},"end":{"line":124,"column":13}},"55":{"start":{"line":123,"column":16},"end":{"line":123,"column":31}},"56":{"start":{"line":125,"column":12},"end":{"line":125,"column":30}},"57":{"start":{"line":126,"column":12},"end":{"line":126,"column":80}},"58":{"start":{"line":128,"column":12},"end":{"line":128,"column":51}},"59":{"start":{"line":135,"column":9},"end":{"line":135,"column":24}}},"fnMap":{"0":{"name":"(anonymous_0)","decl":{"start":{"line":13,"column":11},"end":{"line":13,"column":17}},"loc":{"start":{"line":13,"column":58},"end":{"line":29,"column":5}}},"1":{"name":"(anonymous_1)","decl":{"start":{"line":31,"column":11},"end":{"line":31,"column":17}},"loc":{"start":{"line":31,"column":60},"end":{"line":42,"column":5}}},"2":{"name":"(anonymous_2)","decl":{"start":{"line":44,"column":11},"end":{"line":44,"column":17}},"loc":{"start":{"line":44,"column":60},"end":{"line":56,"column":5}}},"3":{"name":"(anonymous_3)","decl":{"start":{"line":57,"column":11},"end":{"line":57,"column":17}},"loc":{"start":{"line":57,"column":63},"end":{"line":69,"column":5}}},"4":{"name":"(anonymous_4)","decl":{"start":{"line":70,"column":11},"end":{"line":70,"column":17}},"loc":{"start":{"line":70,"column":60},"end":{"line":82,"column":5}}},"5":{"name":"(anonymous_5)","decl":{"start":{"line":83,"column":11},"end":{"line":83,"column":17}},"loc":{"start":{"line":83,"column":63},"end":{"line":95,"column":5}}},"6":{"name":"(anonymous_6)","decl":{"start":{"line":96,"column":11},"end":{"line":96,"column":17}},"loc":{"start":{"line":96,"column":60},"end":{"line":111,"column":5}}},"7":{"name":"(anonymous_7)","decl":{"start":{"line":113,"column":11},"end":{"line":113,"column":17}},"loc":{"start":{"line":113,"column":62},"end":{"line":130,"column":5}}}},"branchMap":{"0":{"loc":{"start":{"line":16,"column":18},"end":{"line":16,"column":38}},"type":"binary-expr","locations":[{"start":{"line":16,"column":18},"end":{"line":16,"column":32}},{"start":{"line":16,"column":36},"end":{"line":16,"column":38}}]},"1":{"loc":{"start":{"line":20,"column":12},"end":{"line":24,"column":13}},"type":"if","locations":[{"start":{"line":20,"column":12},"end":{"line":24,"column":13}},{"start":{"line":22,"column":17},"end":{"line":24,"column":13}}]},"2":{"loc":{"start":{"line":34,"column":12},"end":{"line":38,"column":13}},"type":"if","locations":[{"start":{"line":34,"column":12},"end":{"line":38,"column":13}},{"start":{"line":36,"column":17},"end":{"line":38,"column":13}}]},"3":{"loc":{"start":{"line":48,"column":12},"end":{"line":52,"column":13}},"type":"if","locations":[{"start":{"line":48,"column":12},"end":{"line":52,"column":13}},{"start":{"line":50,"column":17},"end":{"line":52,"column":13}}]},"4":{"loc":{"start":{"line":61,"column":12},"end":{"line":65,"column":13}},"type":"if","locations":[{"start":{"line":61,"column":12},"end":{"line":65,"column":13}},{"start":{"line":63,"column":17},"end":{"line":65,"column":13}}]},"5":{"loc":{"start":{"line":74,"column":12},"end":{"line":78,"column":13}},"type":"if","locations":[{"start":{"line":74,"column":12},"end":{"line":78,"column":13}},{"start":{"line":76,"column":17},"end":{"line":78,"column":13}}]},"6":{"loc":{"start":{"line":87,"column":12},"end":{"line":91,"column":13}},"type":"if","locations":[{"start":{"line":87,"column":12},"end":{"line":91,"column":13}},{"start":{"line":89,"column":17},"end":{"line":91,"column":13}}]},"7":{"loc":{"start":{"line":100,"column":12},"end":{"line":102,"column":13}},"type":"if","locations":[{"start":{"line":100,"column":12},"end":{"line":102,"column":13}}]},"8":{"loc":{"start":{"line":116,"column":12},"end":{"line":121,"column":13}},"type":"if","locations":[{"start":{"line":116,"column":12},"end":{"line":121,"column":13}},{"start":{"line":118,"column":19},"end":{"line":121,"column":13}}]},"9":{"loc":{"start":{"line":120,"column":30},"end":{"line":120,"column":45}},"type":"binary-expr","locations":[{"start":{"line":120,"column":30},"end":{"line":120,"column":40}},{"start":{"line":120,"column":44},"end":{"line":120,"column":45}}]},"10":{"loc":{"start":{"line":122,"column":12},"end":{"line":124,"column":13}},"type":"if","locations":[{"start":{"line":122,"column":12},"end":{"line":124,"column":13}}]}},"s":{"0":1,"1":1,"2":1,"3":0,"4":0,"5":0,"6":0,"7":0,"8":0,"9":0,"10":0,"11":0,"12":1,"13":1,"14":1,"15":1,"16":0,"17":0,"18":0,"19":0,"20":0,"21":0,"22":0,"23":0,"24":0,"25":0,"26":0,"27":0,"28":0,"29":0,"30":0,"31":0,"32":0,"33":0,"34":0,"35":0,"36":0,"37":0,"38":0,"39":0,"40":0,"41":0,"42":0,"43":0,"44":0,"45":0,"46":0,"47":0,"48":0,"49":0,"50":0,"51":0,"52":0,"53":0,"54":0,"55":0,"56":0,"57":0,"58":0,"59":1},"f":{"0":0,"1":1,"2":0,"3":0,"4":0,"5":0,"6":0,"7":0},"b":{"0":[0,0],"1":[0,0],"2":[1,0],"3":[0,0],"4":[0,0],"5":[0,0],"6":[0,0],"7":[0],"8":[0,0],"9":[0,0],"10":[0]}}
,"/home/kayitare/Desktop/branding/src/controller/product.userController.ts": {"path":"/home/kayitare/Desktop/branding/src/controller/product.userController.ts","statementMap":{"0":{"start":{"line":2,"column":0},"end":{"line":2,"column":45}},"1":{"start":{"line":3,"column":0},"end":{"line":3,"column":53}},"2":{"start":{"line":4,"column":0},"end":{"line":4,"column":28}},"3":{"start":{"line":5,"column":0},"end":{"line":5,"column":31}},"4":{"start":{"line":6,"column":0},"end":{"line":6,"column":57}},"5":{"start":{"line":7,"column":0},"end":{"line":7,"column":53}},"6":{"start":{"line":8,"column":0},"end":{"line":8,"column":42}},"7":{"start":{"line":12,"column":56},"end":{"line":12,"column":64}},"8":{"start":{"line":14,"column":0},"end":{"line":16,"column":1}},"9":{"start":{"line":15,"column":4},"end":{"line":15,"column":null}},"10":{"start":{"line":17,"column":8},"end":{"line":35,"column":9}},"11":{"start":{"line":18,"column":12},"end":{"line":20,"column":13}},"12":{"start":{"line":19,"column":15},"end":{"line":19,"column":null}},"13":{"start":{"line":21,"column":33},"end":{"line":21,"column":70}},"14":{"start":{"line":23,"column":25},"end":{"line":23,"column":97}},"15":{"start":{"line":25,"column":12},"end":{"line":32,"column":13}},"16":{"start":{"line":26,"column":15},"end":{"line":26,"column":null}},"17":{"start":{"line":31,"column":16},"end":{"line":31,"column":null}},"18":{"start":{"line":34,"column":12},"end":{"line":34,"column":null}},"19":{"start":{"line":39,"column":17},"end":{"line":39,"column":34}},"20":{"start":{"line":40,"column":4},"end":{"line":46,"column":5}},"21":{"start":{"line":41,"column":8},"end":{"line":41,"column":null}},"22":{"start":{"line":42,"column":10},"end":{"line":46,"column":5}},"23":{"start":{"line":43,"column":8},"end":{"line":43,"column":null}},"24":{"start":{"line":45,"column":8},"end":{"line":45,"column":null}},"25":{"start":{"line":50,"column":23},"end":{"line":50,"column":36}},"26":{"start":{"line":51,"column":8},"end":{"line":61,"column":9}},"27":{"start":{"line":52,"column":25},"end":{"line":52,"column":52}},"28":{"start":{"line":54,"column":12},"end":{"line":58,"column":13}},"29":{"start":{"line":55,"column":16},"end":{"line":55,"column":null}},"30":{"start":{"line":57,"column":16},"end":{"line":57,"column":null}},"31":{"start":{"line":60,"column":12},"end":{"line":60,"column":null}},"32":{"start":{"line":65,"column":23},"end":{"line":65,"column":36}},"33":{"start":{"line":67,"column":8},"end":{"line":77,"column":9}},"34":{"start":{"line":68,"column":25},"end":{"line":68,"column":61}},"35":{"start":{"line":69,"column":12},"end":{"line":73,"column":13}},"36":{"start":{"line":70,"column":16},"end":{"line":70,"column":72}},"37":{"start":{"line":72,"column":16},"end":{"line":72,"column":81}},"38":{"start":{"line":75,"column":12},"end":{"line":75,"column":57}},"39":{"start":{"line":76,"column":12},"end":{"line":76,"column":67}},"40":{"start":{"line":81,"column":23},"end":{"line":81,"column":36}},"41":{"start":{"line":83,"column":8},"end":{"line":93,"column":9}},"42":{"start":{"line":84,"column":25},"end":{"line":84,"column":81}},"43":{"start":{"line":85,"column":12},"end":{"line":89,"column":13}},"44":{"start":{"line":86,"column":16},"end":{"line":86,"column":null}},"45":{"start":{"line":88,"column":16},"end":{"line":88,"column":81}},"46":{"start":{"line":91,"column":12},"end":{"line":91,"column":57}},"47":{"start":{"line":92,"column":12},"end":{"line":92,"column":67}},"48":{"start":{"line":96,"column":21},"end":{"line":96,"column":44}},"49":{"start":{"line":97,"column":8},"end":{"line":107,"column":9}},"50":{"start":{"line":99,"column":12},"end":{"line":103,"column":13}},"51":{"start":{"line":100,"column":16},"end":{"line":100,"column":79}},"52":{"start":{"line":102,"column":16},"end":{"line":102,"column":71}},"53":{"start":{"line":105,"column":12},"end":{"line":105,"column":57}},"54":{"start":{"line":106,"column":12},"end":{"line":106,"column":67}},"55":{"start":{"line":111,"column":36},"end":{"line":111,"column":44}},"56":{"start":{"line":112,"column":26},"end":{"line":112,"column":48}},"57":{"start":{"line":114,"column":8},"end":{"line":141,"column":9}},"58":{"start":{"line":115,"column":12},"end":{"line":117,"column":13}},"59":{"start":{"line":116,"column":16},"end":{"line":116,"column":75}},"60":{"start":{"line":119,"column":25},"end":{"line":119,"column":54}},"61":{"start":{"line":121,"column":12},"end":{"line":123,"column":13}},"62":{"start":{"line":122,"column":16},"end":{"line":122,"column":75}},"63":{"start":{"line":125,"column":36},"end":{"line":125,"column":79}},"64":{"start":{"line":127,"column":12},"end":{"line":129,"column":13}},"65":{"start":{"line":128,"column":16},"end":{"line":128,"column":75}},"66":{"start":{"line":131,"column":26},"end":{"line":131,"column":82}},"67":{"start":{"line":133,"column":12},"end":{"line":137,"column":13}},"68":{"start":{"line":134,"column":16},"end":{"line":134,"column":78}},"69":{"start":{"line":136,"column":16},"end":{"line":136,"column":74}},"70":{"start":{"line":139,"column":12},"end":{"line":139,"column":56}},"71":{"start":{"line":140,"column":12},"end":{"line":140,"column":67}},"72":{"start":{"line":144,"column":9},"end":{"line":144,"column":23}}},"fnMap":{"0":{"name":"(anonymous_1)","decl":{"start":{"line":11,"column":11},"end":{"line":11,"column":17}},"loc":{"start":{"line":11,"column":62},"end":{"line":36,"column":5}}},"1":{"name":"(anonymous_2)","decl":{"start":{"line":38,"column":11},"end":{"line":38,"column":17}},"loc":{"start":{"line":38,"column":59},"end":{"line":47,"column":5}}},"2":{"name":"(anonymous_3)","decl":{"start":{"line":49,"column":11},"end":{"line":49,"column":17}},"loc":{"start":{"line":49,"column":59},"end":{"line":62,"column":5}}},"3":{"name":"(anonymous_4)","decl":{"start":{"line":64,"column":11},"end":{"line":64,"column":17}},"loc":{"start":{"line":64,"column":65},"end":{"line":78,"column":5}}},"4":{"name":"(anonymous_5)","decl":{"start":{"line":80,"column":11},"end":{"line":80,"column":17}},"loc":{"start":{"line":80,"column":59},"end":{"line":94,"column":5}}},"5":{"name":"(anonymous_6)","decl":{"start":{"line":95,"column":11},"end":{"line":95,"column":17}},"loc":{"start":{"line":95,"column":58},"end":{"line":108,"column":5}}},"6":{"name":"(anonymous_7)","decl":{"start":{"line":110,"column":11},"end":{"line":110,"column":17}},"loc":{"start":{"line":110,"column":57},"end":{"line":142,"column":5}}}},"branchMap":{"0":{"loc":{"start":{"line":14,"column":0},"end":{"line":16,"column":1}},"type":"if","locations":[{"start":{"line":14,"column":0},"end":{"line":16,"column":1}}]},"1":{"loc":{"start":{"line":18,"column":12},"end":{"line":20,"column":13}},"type":"if","locations":[{"start":{"line":18,"column":12},"end":{"line":20,"column":13}}]},"2":{"loc":{"start":{"line":25,"column":12},"end":{"line":32,"column":13}},"type":"if","locations":[{"start":{"line":25,"column":12},"end":{"line":32,"column":13}},{"start":{"line":30,"column":19},"end":{"line":32,"column":13}}]},"3":{"loc":{"start":{"line":40,"column":4},"end":{"line":46,"column":5}},"type":"if","locations":[{"start":{"line":40,"column":4},"end":{"line":46,"column":5}},{"start":{"line":42,"column":10},"end":{"line":46,"column":5}}]},"4":{"loc":{"start":{"line":42,"column":10},"end":{"line":46,"column":5}},"type":"if","locations":[{"start":{"line":42,"column":10},"end":{"line":46,"column":5}},{"start":{"line":44,"column":9},"end":{"line":46,"column":5}}]},"5":{"loc":{"start":{"line":54,"column":12},"end":{"line":58,"column":13}},"type":"if","locations":[{"start":{"line":54,"column":12},"end":{"line":58,"column":13}},{"start":{"line":56,"column":17},"end":{"line":58,"column":13}}]},"6":{"loc":{"start":{"line":69,"column":12},"end":{"line":73,"column":13}},"type":"if","locations":[{"start":{"line":69,"column":12},"end":{"line":73,"column":13}},{"start":{"line":71,"column":19},"end":{"line":73,"column":13}}]},"7":{"loc":{"start":{"line":85,"column":12},"end":{"line":89,"column":13}},"type":"if","locations":[{"start":{"line":85,"column":12},"end":{"line":89,"column":13}},{"start":{"line":87,"column":19},"end":{"line":89,"column":13}}]},"8":{"loc":{"start":{"line":99,"column":12},"end":{"line":103,"column":13}},"type":"if","locations":[{"start":{"line":99,"column":12},"end":{"line":103,"column":13}},{"start":{"line":101,"column":19},"end":{"line":103,"column":13}}]},"9":{"loc":{"start":{"line":115,"column":12},"end":{"line":117,"column":13}},"type":"if","locations":[{"start":{"line":115,"column":12},"end":{"line":117,"column":13}}]},"10":{"loc":{"start":{"line":121,"column":12},"end":{"line":123,"column":13}},"type":"if","locations":[{"start":{"line":121,"column":12},"end":{"line":123,"column":13}}]},"11":{"loc":{"start":{"line":127,"column":12},"end":{"line":129,"column":13}},"type":"if","locations":[{"start":{"line":127,"column":12},"end":{"line":129,"column":13}}]},"12":{"loc":{"start":{"line":133,"column":12},"end":{"line":137,"column":13}},"type":"if","locations":[{"start":{"line":133,"column":12},"end":{"line":137,"column":13}},{"start":{"line":135,"column":19},"end":{"line":137,"column":13}}]}},"s":{"0":1,"1":1,"2":1,"3":1,"4":1,"5":1,"6":1,"7":0,"8":0,"9":0,"10":0,"11":0,"12":0,"13":0,"14":0,"15":0,"16":0,"17":0,"18":0,"19":0,"20":0,"21":0,"22":0,"23":0,"24":0,"25":0,"26":0,"27":0,"28":0,"29":0,"30":0,"31":0,"32":0,"33":0,"34":0,"35":0,"36":0,"37":0,"38":0,"39":0,"40":0,"41":0,"42":0,"43":0,"44":0,"45":0,"46":0,"47":0,"48":0,"49":0,"50":0,"51":0,"52":0,"53":0,"54":0,"55":1,"56":1,"57":1,"58":1,"59":1,"60":0,"61":0,"62":0,"63":0,"64":0,"65":0,"66":0,"67":0,"68":0,"69":0,"70":0,"71":0,"72":1},"f":{"0":0,"1":0,"2":0,"3":0,"4":0,"5":0,"6":1},"b":{"0":[0],"1":[0],"2":[0,0],"3":[0,0],"4":[0,0],"5":[0,0],"6":[0,0],"7":[0,0],"8":[0,0],"9":[1],"10":[0],"11":[0],"12":[0,0]}}
,"/home/kayitare/Desktop/branding/src/middleware/dataCheker.ts": {"path":"/home/kayitare/Desktop/branding/src/middleware/dataCheker.ts","statementMap":{"0":{"start":{"line":2,"column":0},"end":{"line":2,"column":45}},"1":{"start":{"line":3,"column":0},"end":{"line":3,"column":53}},"2":{"start":{"line":9,"column":64},"end":{"line":9,"column":72}},"3":{"start":{"line":11,"column":4},"end":{"line":26,"column":5}},"4":{"start":{"line":12,"column":8},"end":{"line":12,"column":null}},"5":{"start":{"line":13,"column":10},"end":{"line":26,"column":5}},"6":{"start":{"line":14,"column":8},"end":{"line":14,"column":null}},"7":{"start":{"line":15,"column":10},"end":{"line":26,"column":5}},"8":{"start":{"line":16,"column":8},"end":{"line":16,"column":null}},"9":{"start":{"line":18,"column":9},"end":{"line":26,"column":5}},"10":{"start":{"line":19,"column":8},"end":{"line":19,"column":null}},"11":{"start":{"line":21,"column":9},"end":{"line":26,"column":5}},"12":{"start":{"line":22,"column":8},"end":{"line":22,"column":null}},"13":{"start":{"line":25,"column":8},"end":{"line":25,"column":null}},"14":{"start":{"line":29,"column":22},"end":{"line":29,"column":30}},"15":{"start":{"line":30,"column":21},"end":{"line":30,"column":48}},"16":{"start":{"line":31,"column":8},"end":{"line":35,"column":9}},"17":{"start":{"line":32,"column":12},"end":{"line":32,"column":null}},"18":{"start":{"line":34,"column":12},"end":{"line":34,"column":null}},"19":{"start":{"line":38,"column":9},"end":{"line":38,"column":20}}},"fnMap":{"0":{"name":"(anonymous_0)","decl":{"start":{"line":8,"column":11},"end":{"line":8,"column":17}},"loc":{"start":{"line":8,"column":82},"end":{"line":27,"column":5}}},"1":{"name":"(anonymous_1)","decl":{"start":{"line":28,"column":11},"end":{"line":28,"column":17}},"loc":{"start":{"line":28,"column":77},"end":{"line":36,"column":5}}}},"branchMap":{"0":{"loc":{"start":{"line":11,"column":4},"end":{"line":26,"column":5}},"type":"if","locations":[{"start":{"line":11,"column":4},"end":{"line":26,"column":5}},{"start":{"line":13,"column":10},"end":{"line":26,"column":5}}]},"1":{"loc":{"start":{"line":13,"column":10},"end":{"line":26,"column":5}},"type":"if","locations":[{"start":{"line":13,"column":10},"end":{"line":26,"column":5}},{"start":{"line":15,"column":10},"end":{"line":26,"column":5}}]},"2":{"loc":{"start":{"line":15,"column":10},"end":{"line":26,"column":5}},"type":"if","locations":[{"start":{"line":15,"column":10},"end":{"line":26,"column":5}},{"start":{"line":18,"column":9},"end":{"line":26,"column":5}}]},"3":{"loc":{"start":{"line":18,"column":9},"end":{"line":26,"column":5}},"type":"if","locations":[{"start":{"line":18,"column":9},"end":{"line":26,"column":5}},{"start":{"line":21,"column":9},"end":{"line":26,"column":5}}]},"4":{"loc":{"start":{"line":21,"column":9},"end":{"line":26,"column":5}},"type":"if","locations":[{"start":{"line":21,"column":9},"end":{"line":26,"column":5}},{"start":{"line":24,"column":8},"end":{"line":26,"column":5}}]},"5":{"loc":{"start":{"line":31,"column":8},"end":{"line":35,"column":9}},"type":"if","locations":[{"start":{"line":31,"column":8},"end":{"line":35,"column":9}},{"start":{"line":33,"column":14},"end":{"line":35,"column":9}}]}},"s":{"0":1,"1":1,"2":0,"3":0,"4":0,"5":0,"6":0,"7":0,"8":0,"9":0,"10":0,"11":0,"12":0,"13":0,"14":0,"15":0,"16":0,"17":0,"18":0,"19":1},"f":{"0":0,"1":0},"b":{"0":[0,0],"1":[0,0],"2":[0,0],"3":[0,0],"4":[0,0],"5":[0,0]}}
,"/home/kayitare/Desktop/branding/src/middleware/validator.ts": {"path":"/home/kayitare/Desktop/branding/src/middleware/validator.ts","statementMap":{"0":{"start":{"line":2,"column":0},"end":{"line":2,"column":68}},"1":{"start":{"line":3,"column":0},"end":{"line":3,"column":53}},"2":{"start":{"line":9,"column":23},"end":{"line":9,"column":44}},"3":{"start":{"line":10,"column":8},"end":{"line":16,"column":9}},"4":{"start":{"line":11,"column":12},"end":{"line":13,"column":15}},"5":{"start":{"line":12,"column":16},"end":{"line":12,"column":50}},"6":{"start":{"line":15,"column":12},"end":{"line":15,"column":19}},"7":{"start":{"line":20,"column":8},"end":{"line":25,"column":10}},"8":{"start":{"line":29,"column":8},"end":{"line":29,"column":17}}},"fnMap":{"0":{"name":"(anonymous_0)","decl":{"start":{"line":8,"column":11},"end":{"line":8,"column":17}},"loc":{"start":{"line":8,"column":86},"end":{"line":17,"column":5}}},"1":{"name":"(anonymous_1)","decl":{"start":{"line":11,"column":31},"end":{"line":11,"column":32}},"loc":{"start":{"line":11,"column":41},"end":{"line":13,"column":13}}},"2":{"name":"(anonymous_2)","decl":{"start":{"line":19,"column":11},"end":{"line":19,"column":17}},"loc":{"start":{"line":19,"column":29},"end":{"line":26,"column":5}}}},"branchMap":{"0":{"loc":{"start":{"line":10,"column":8},"end":{"line":16,"column":9}},"type":"if","locations":[{"start":{"line":10,"column":8},"end":{"line":16,"column":9}},{"start":{"line":14,"column":15},"end":{"line":16,"column":9}}]}},"s":{"0":1,"1":1,"2":0,"3":0,"4":0,"5":0,"6":0,"7":1,"8":1},"f":{"0":0,"1":0,"2":1},"b":{"0":[0,0]}}
,"/home/kayitare/Desktop/branding/src/middleware/verifyAccess.ts": {"path":"/home/kayitare/Desktop/branding/src/middleware/verifyAccess.ts","statementMap":{"0":{"start":{"line":1,"column":0},"end":{"line":1,"column":73}},"1":{"start":{"line":2,"column":0},"end":{"line":2,"column":53}},"2":{"start":{"line":21,"column":21},"end":{"line":50,"column":1}},"3":{"start":{"line":22,"column":4},"end":{"line":49,"column":6}},"4":{"start":{"line":23,"column":22},"end":{"line":23,"column":43}},"5":{"start":{"line":25,"column":8},"end":{"line":27,"column":9}},"6":{"start":{"line":26,"column":12},"end":{"line":26,"column":69}},"7":{"start":{"line":29,"column":26},"end":{"line":29,"column":58}},"8":{"start":{"line":31,"column":8},"end":{"line":48,"column":9}},"9":{"start":{"line":32,"column":33},"end":{"line":32,"column":76}},"10":{"start":{"line":33,"column":12},"end":{"line":33,"column":36}},"11":{"start":{"line":35,"column":12},"end":{"line":37,"column":13}},"12":{"start":{"line":36,"column":16},"end":{"line":36,"column":74}},"13":{"start":{"line":39,"column":12},"end":{"line":39,"column":19}},"14":{"start":{"line":41,"column":12},"end":{"line":47,"column":13}},"15":{"start":{"line":42,"column":16},"end":{"line":42,"column":63}},"16":{"start":{"line":43,"column":19},"end":{"line":47,"column":13}},"17":{"start":{"line":44,"column":16},"end":{"line":44,"column":63}},"18":{"start":{"line":46,"column":16},"end":{"line":46,"column":91}},"19":{"start":{"line":52,"column":0},"end":{"line":52,"column":28}}},"fnMap":{"0":{"name":"(anonymous_6)","decl":{"start":{"line":21,"column":21},"end":{"line":21,"column":22}},"loc":{"start":{"line":21,"column":46},"end":{"line":50,"column":1}}},"1":{"name":"(anonymous_7)","decl":{"start":{"line":22,"column":11},"end":{"line":22,"column":16}},"loc":{"start":{"line":22,"column":69},"end":{"line":49,"column":5}}}},"branchMap":{"0":{"loc":{"start":{"line":25,"column":8},"end":{"line":27,"column":9}},"type":"if","locations":[{"start":{"line":25,"column":8},"end":{"line":27,"column":9}}]},"1":{"loc":{"start":{"line":25,"column":12},"end":{"line":25,"column":47}},"type":"binary-expr","locations":[{"start":{"line":25,"column":12},"end":{"line":25,"column":18}},{"start":{"line":25,"column":22},"end":{"line":25,"column":47}}]},"2":{"loc":{"start":{"line":35,"column":12},"end":{"line":37,"column":13}},"type":"if","locations":[{"start":{"line":35,"column":12},"end":{"line":37,"column":13}}]},"3":{"loc":{"start":{"line":41,"column":12},"end":{"line":47,"column":13}},"type":"if","locations":[{"start":{"line":41,"column":12},"end":{"line":47,"column":13}},{"start":{"line":43,"column":19},"end":{"line":47,"column":13}}]},"4":{"loc":{"start":{"line":43,"column":19},"end":{"line":47,"column":13}},"type":"if","locations":[{"start":{"line":43,"column":19},"end":{"line":47,"column":13}},{"start":{"line":45,"column":19},"end":{"line":47,"column":13}}]}},"s":{"0":1,"1":1,"2":1,"3":6,"4":1,"5":1,"6":1,"7":0,"8":0,"9":0,"10":0,"11":0,"12":0,"13":0,"14":0,"15":0,"16":0,"17":0,"18":0,"19":1},"f":{"0":6,"1":1},"b":{"0":[1],"1":[1,0],"2":[0],"3":[0,0],"4":[0,0]}}
,"/home/kayitare/Desktop/branding/src/model/product.blogs.ts": {"path":"/home/kayitare/Desktop/branding/src/model/product.blogs.ts","statementMap":{"0":{"start":{"line":1,"column":0},"end":{"line":1,"column":53}},"1":{"start":{"line":14,"column":20},"end":{"line":43,"column":2}},"2":{"start":{"line":46,"column":28},"end":{"line":46,"column":71}},"3":{"start":{"line":48,"column":9},"end":{"line":48,"column":14}}},"fnMap":{},"branchMap":{},"s":{"0":1,"1":1,"2":1,"3":1},"f":{},"b":{}}
,"/home/kayitare/Desktop/branding/src/model/product.user.ts": {"path":"/home/kayitare/Desktop/branding/src/model/product.user.ts","statementMap":{"0":{"start":{"line":1,"column":0},"end":{"line":1,"column":32}},"1":{"start":{"line":3,"column":19},"end":{"line":34,"column":2}},"2":{"start":{"line":35,"column":13},"end":{"line":35,"column":46}},"3":{"start":{"line":36,"column":9},"end":{"line":36,"column":13}}},"fnMap":{},"branchMap":{},"s":{"0":1,"1":1,"2":1,"3":1},"f":{},"b":{}}
,"/home/kayitare/Desktop/branding/src/routes/blogsRoutes.ts": {"path":"/home/kayitare/Desktop/branding/src/routes/blogsRoutes.ts","statementMap":{"0":{"start":{"line":1,"column":0},"end":{"line":1,"column":41}},"1":{"start":{"line":2,"column":0},"end":{"line":2,"column":71}},"2":{"start":{"line":3,"column":0},"end":{"line":3,"column":54}},"3":{"start":{"line":4,"column":0},"end":{"line":4,"column":42}},"4":{"start":{"line":6,"column":22},"end":{"line":6,"column":38}},"5":{"start":{"line":8,"column":0},"end":{"line":8,"column":null}},"6":{"start":{"line":9,"column":0},"end":{"line":9,"column":null}},"7":{"start":{"line":10,"column":0},"end":{"line":10,"column":null}},"8":{"start":{"line":11,"column":0},"end":{"line":11,"column":null}},"9":{"start":{"line":12,"column":0},"end":{"line":12,"column":null}},"10":{"start":{"line":13,"column":0},"end":{"line":13,"column":null}},"11":{"start":{"line":14,"column":0},"end":{"line":14,"column":null}},"12":{"start":{"line":15,"column":0},"end":{"line":15,"column":null}},"13":{"start":{"line":16,"column":0},"end":{"line":16,"column":null}},"14":{"start":{"line":20,"column":0},"end":{"line":20,"column":22}}},"fnMap":{},"branchMap":{},"s":{"0":1,"1":1,"2":1,"3":1,"4":1,"5":1,"6":1,"7":1,"8":1,"9":1,"10":1,"11":1,"12":1,"13":1,"14":1},"f":{},"b":{}}
,"/home/kayitare/Desktop/branding/src/routes/userRoute.ts": {"path":"/home/kayitare/Desktop/branding/src/routes/userRoute.ts","statementMap":{"0":{"start":{"line":3,"column":0},"end":{"line":3,"column":70}},"1":{"start":{"line":4,"column":0},"end":{"line":4,"column":54}},"2":{"start":{"line":5,"column":0},"end":{"line":5,"column":41}},"3":{"start":{"line":6,"column":0},"end":{"line":6,"column":55}},"4":{"start":{"line":7,"column":0},"end":{"line":7,"column":52}},"5":{"start":{"line":8,"column":23},"end":{"line":8,"column":39}},"6":{"start":{"line":11,"column":0},"end":{"line":11,"column":null}},"7":{"start":{"line":12,"column":0},"end":{"line":12,"column":65}},"8":{"start":{"line":13,"column":0},"end":{"line":13,"column":46}},"9":{"start":{"line":14,"column":0},"end":{"line":14,"column":null}},"10":{"start":{"line":15,"column":0},"end":{"line":15,"column":null}},"11":{"start":{"line":16,"column":0},"end":{"line":16,"column":null}},"12":{"start":{"line":17,"column":0},"end":{"line":17,"column":null}},"13":{"start":{"line":19,"column":1},"end":{"line":19,"column":null}}},"fnMap":{},"branchMap":{},"s":{"0":1,"1":1,"2":1,"3":1,"4":1,"5":1,"6":1,"7":1,"8":1,"9":1,"10":1,"11":1,"12":1,"13":1},"f":{},"b":{}}
,"/home/kayitare/Desktop/branding/src/utils/errorMessage.ts": {"path":"/home/kayitare/Desktop/branding/src/utils/errorMessage.ts","statementMap":{"0":{"start":{"line":3,"column":21},"end":{"line":10,"column":1}},"1":{"start":{"line":4,"column":4},"end":{"line":9,"column":7}},"2":{"start":{"line":12,"column":9},"end":{"line":12,"column":21}}},"fnMap":{"0":{"name":"(anonymous_0)","decl":{"start":{"line":3,"column":21},"end":{"line":3,"column":22}},"loc":{"start":{"line":3,"column":78},"end":{"line":10,"column":1}}}},"branchMap":{},"s":{"0":1,"1":2,"2":1},"f":{"0":2},"b":{}}
,"/home/kayitare/Desktop/branding/src/utils/loginSuccess.ts": {"path":"/home/kayitare/Desktop/branding/src/utils/loginSuccess.ts","statementMap":{"0":{"start":{"line":3,"column":21},"end":{"line":10,"column":1}},"1":{"start":{"line":4,"column":4},"end":{"line":9,"column":7}},"2":{"start":{"line":12,"column":9},"end":{"line":12,"column":21}}},"fnMap":{"0":{"name":"(anonymous_0)","decl":{"start":{"line":3,"column":21},"end":{"line":3,"column":22}},"loc":{"start":{"line":3,"column":88},"end":{"line":10,"column":1}}}},"branchMap":{},"s":{"0":1,"1":0,"2":1},"f":{"0":0},"b":{}}
,"/home/kayitare/Desktop/branding/src/utils/successMessage.ts": {"path":"/home/kayitare/Desktop/branding/src/utils/successMessage.ts","statementMap":{"0":{"start":{"line":3,"column":23},"end":{"line":9,"column":1}},"1":{"start":{"line":4,"column":4},"end":{"line":8,"column":7}},"2":{"start":{"line":11,"column":9},"end":{"line":11,"column":23}}},"fnMap":{"0":{"name":"(anonymous_0)","decl":{"start":{"line":3,"column":23},"end":{"line":3,"column":24}},"loc":{"start":{"line":3,"column":89},"end":{"line":9,"column":1}}}},"branchMap":{},"s":{"0":1,"1":1,"2":1},"f":{"0":1},"b":{}}
,"/home/kayitare/Desktop/branding/src/utils/sucess.ts": {"path":"/home/kayitare/Desktop/branding/src/utils/sucess.ts","statementMap":{"0":{"start":{"line":3,"column":16},"end":{"line":9,"column":1}},"1":{"start":{"line":4,"column":4},"end":{"line":8,"column":7}},"2":{"start":{"line":11,"column":9},"end":{"line":11,"column":16}}},"fnMap":{"0":{"name":"(anonymous_0)","decl":{"start":{"line":3,"column":16},"end":{"line":3,"column":17}},"loc":{"start":{"line":3,"column":74},"end":{"line":9,"column":1}}}},"branchMap":{},"s":{"0":1,"1":0,"2":1},"f":{"0":0},"b":{}}
,"/home/kayitare/Desktop/branding/src/validation/upload.ts": {"path":"/home/kayitare/Desktop/branding/src/validation/upload.ts","statementMap":{"0":{"start":{"line":1,"column":0},"end":{"line":1,"column":28}},"1":{"start":{"line":2,"column":0},"end":{"line":2,"column":24}},"2":{"start":{"line":4,"column":16},"end":{"line":9,"column":2}},"3":{"start":{"line":7,"column":4},"end":{"line":7,"column":82}},"4":{"start":{"line":11,"column":19},"end":{"line":17,"column":1}},"5":{"start":{"line":12,"column":2},"end":{"line":16,"column":3}},"6":{"start":{"line":13,"column":4},"end":{"line":13,"column":19}},"7":{"start":{"line":15,"column":4},"end":{"line":15,"column":66}},"8":{"start":{"line":19,"column":15},"end":{"line":19,"column":45}},"9":{"start":{"line":20,"column":0},"end":{"line":20,"column":22}}},"fnMap":{"0":{"name":"(anonymous_1)","decl":{"start":{"line":6,"column":12},"end":{"line":6,"column":13}},"loc":{"start":{"line":6,"column":30},"end":{"line":8,"column":3}}},"1":{"name":"(anonymous_2)","decl":{"start":{"line":11,"column":19},"end":{"line":11,"column":20}},"loc":{"start":{"line":11,"column":80},"end":{"line":17,"column":1}}}},"branchMap":{"0":{"loc":{"start":{"line":12,"column":2},"end":{"line":16,"column":3}},"type":"if","locations":[{"start":{"line":12,"column":2},"end":{"line":16,"column":3}},{"start":{"line":14,"column":9},"end":{"line":16,"column":3}}]}},"s":{"0":1,"1":1,"2":1,"3":0,"4":1,"5":0,"6":0,"7":0,"8":1,"9":1},"f":{"0":0,"1":0},"b":{"0":[0,0]}}
}
